2018-05-24 14:23:20,538 [Worker-2] INFO  o.e.m.c.i.l.LifecycleMappingFactory - Using org.eclipse.m2e.jdt.JarLifecycleMapping lifecycle mapping for MavenProject: br.ce.aquino:CursoSelenium:0.0.1-SNAPSHOT @ C:\workspace\CursoSelenium\pom.xml.
2018-05-24 14:23:23,113 [Worker-2] INFO  o.e.m.j.i.AbstractJavaProjectConfigurator - Adding source folder /CursoSelenium/src/main/java
2018-05-24 14:23:23,115 [Worker-2] INFO  o.e.m.j.i.AbstractJavaProjectConfigurator - Adding resource folder /CursoSelenium/src/main/resources
2018-05-24 14:23:23,116 [Worker-2] INFO  o.e.m.j.i.AbstractJavaProjectConfigurator - Adding source folder /CursoSelenium/src/test/java
2018-05-24 14:23:23,117 [Worker-2] INFO  o.e.m.j.i.AbstractJavaProjectConfigurator - Adding resource folder /CursoSelenium/src/test/resources
2018-05-24 14:23:24,936 [Worker-16] WARN  o.e.m.c.i.embedder.EclipseLogger - Using platform encoding (Cp1252 actually) to copy filtered resources, i.e. build is platform dependent!
2018-05-24 14:23:24,962 [Worker-16] INFO  o.e.m.c.i.embedder.EclipseLogger - Copying 0 resource
2018-05-24 14:23:24,966 [Worker-16] WARN  o.e.m.c.i.embedder.EclipseLogger - Using platform encoding (Cp1252 actually) to copy filtered resources, i.e. build is platform dependent!
2018-05-24 14:23:24,967 [Worker-16] INFO  o.e.m.c.i.embedder.EclipseLogger - Copying 0 resource
2018-05-24 14:28:29,237 [Worker-19] INFO  o.e.m.c.i.l.LifecycleMappingFactory - Using org.eclipse.m2e.jdt.JarLifecycleMapping lifecycle mapping for MavenProject: br.ce.aquino:CursoSelenium:0.0.1-SNAPSHOT @ C:\workspace\CursoSelenium\pom.xml.
2018-05-24 14:28:30,520 [Worker-19] WARN  o.e.m.c.i.embedder.EclipseLogger - Using platform encoding (Cp1252 actually) to copy filtered resources, i.e. build is platform dependent!
2018-05-24 14:28:30,523 [Worker-19] INFO  o.e.m.c.i.embedder.EclipseLogger - Copying 0 resource
2018-05-24 14:28:30,525 [Worker-19] WARN  o.e.m.c.i.embedder.EclipseLogger - Using platform encoding (Cp1252 actually) to copy filtered resources, i.e. build is platform dependent!
2018-05-24 14:28:30,526 [Worker-19] INFO  o.e.m.c.i.embedder.EclipseLogger - Copying 0 resource
2018-05-24 14:28:45,297 [Worker-2] INFO  o.e.m.c.i.l.LifecycleMappingFactory - Using org.eclipse.m2e.jdt.JarLifecycleMapping lifecycle mapping for MavenProject: br.ce.aquino:CursoSelenium:0.0.1-SNAPSHOT @ C:\workspace\CursoSelenium\pom.xml.
2018-05-24 14:28:50,578 [Worker-2] WARN  o.e.m.c.i.embedder.EclipseLogger - Using platform encoding (Cp1252 actually) to copy filtered resources, i.e. build is platform dependent!
2018-05-24 14:28:50,581 [Worker-2] INFO  o.e.m.c.i.embedder.EclipseLogger - Copying 0 resource
2018-05-24 14:28:50,584 [Worker-2] WARN  o.e.m.c.i.embedder.EclipseLogger - Using platform encoding (Cp1252 actually) to copy filtered resources, i.e. build is platform dependent!
2018-05-24 14:28:50,586 [Worker-2] INFO  o.e.m.c.i.embedder.EclipseLogger - Copying 0 resource
2018-05-24 14:28:53,038 [Worker-20] WARN  o.e.m.c.i.embedder.EclipseLogger - Using platform encoding (Cp1252 actually) to copy filtered resources, i.e. build is platform dependent!
2018-05-24 14:28:53,044 [Worker-20] INFO  o.e.m.c.i.embedder.EclipseLogger - Copying 0 resource
2018-05-24 14:28:53,048 [Worker-20] WARN  o.e.m.c.i.embedder.EclipseLogger - Using platform encoding (Cp1252 actually) to copy filtered resources, i.e. build is platform dependent!
2018-05-24 14:28:53,050 [Worker-20] INFO  o.e.m.c.i.embedder.EclipseLogger - Copying 0 resource
2018-05-24 14:32:09,572 [Worker-2] WARN  o.e.m.c.i.embedder.EclipseLogger - Using platform encoding (Cp1252 actually) to copy filtered resources, i.e. build is platform dependent!
2018-05-24 14:32:09,574 [Worker-2] INFO  o.e.m.c.i.embedder.EclipseLogger - Copying 0 resource
2018-05-24 14:32:09,576 [Worker-2] WARN  o.e.m.c.i.embedder.EclipseLogger - Using platform encoding (Cp1252 actually) to copy filtered resources, i.e. build is platform dependent!
2018-05-24 14:32:09,577 [Worker-2] INFO  o.e.m.c.i.embedder.EclipseLogger - Copying 0 resource
2018-05-24 14:32:58,462 [Worker-25] WARN  o.e.m.c.i.embedder.EclipseLogger - Using platform encoding (Cp1252 actually) to copy filtered resources, i.e. build is platform dependent!
2018-05-24 14:32:58,465 [Worker-25] INFO  o.e.m.c.i.embedder.EclipseLogger - Copying 0 resource
2018-05-24 14:32:58,467 [Worker-25] WARN  o.e.m.c.i.embedder.EclipseLogger - Using platform encoding (Cp1252 actually) to copy filtered resources, i.e. build is platform dependent!
2018-05-24 14:32:58,468 [Worker-25] INFO  o.e.m.c.i.embedder.EclipseLogger - Copying 0 resource
2018-05-24 14:34:26,025 [Worker-23] WARN  o.e.m.c.i.embedder.EclipseLogger - Using platform encoding (Cp1252 actually) to copy filtered resources, i.e. build is platform dependent!
2018-05-24 14:34:26,027 [Worker-23] INFO  o.e.m.c.i.embedder.EclipseLogger - Copying 0 resource
2018-05-24 14:34:26,029 [Worker-23] WARN  o.e.m.c.i.embedder.EclipseLogger - Using platform encoding (Cp1252 actually) to copy filtered resources, i.e. build is platform dependent!
2018-05-24 14:34:26,030 [Worker-23] INFO  o.e.m.c.i.embedder.EclipseLogger - Copying 0 resource
2018-05-24 14:34:27,076 [Worker-26] WARN  o.e.m.c.i.embedder.EclipseLogger - Using platform encoding (Cp1252 actually) to copy filtered resources, i.e. build is platform dependent!
2018-05-24 14:34:27,077 [Worker-26] INFO  o.e.m.c.i.embedder.EclipseLogger - Copying 0 resource
2018-05-24 14:34:27,080 [Worker-26] WARN  o.e.m.c.i.embedder.EclipseLogger - Using platform encoding (Cp1252 actually) to copy filtered resources, i.e. build is platform dependent!
2018-05-24 14:34:27,081 [Worker-26] INFO  o.e.m.c.i.embedder.EclipseLogger - Copying 0 resource
2018-05-24 14:37:31,267 [Worker-24] WARN  o.e.m.c.i.embedder.EclipseLogger - Using platform encoding (Cp1252 actually) to copy filtered resources, i.e. build is platform dependent!
2018-05-24 14:37:31,269 [Worker-24] INFO  o.e.m.c.i.embedder.EclipseLogger - Copying 0 resource
2018-05-24 14:37:31,271 [Worker-24] WARN  o.e.m.c.i.embedder.EclipseLogger - Using platform encoding (Cp1252 actually) to copy filtered resources, i.e. build is platform dependent!
2018-05-24 14:37:31,272 [Worker-24] INFO  o.e.m.c.i.embedder.EclipseLogger - Copying 0 resource
2018-05-24 14:38:59,606 [Worker-24] WARN  o.e.m.c.i.embedder.EclipseLogger - Using platform encoding (Cp1252 actually) to copy filtered resources, i.e. build is platform dependent!
2018-05-24 14:38:59,608 [Worker-24] INFO  o.e.m.c.i.embedder.EclipseLogger - Copying 0 resource
2018-05-24 14:38:59,611 [Worker-24] WARN  o.e.m.c.i.embedder.EclipseLogger - Using platform encoding (Cp1252 actually) to copy filtered resources, i.e. build is platform dependent!
2018-05-24 14:38:59,613 [Worker-24] INFO  o.e.m.c.i.embedder.EclipseLogger - Copying 0 resource
2018-05-24 14:39:39,531 [Worker-25] WARN  o.e.m.c.i.embedder.EclipseLogger - Using platform encoding (Cp1252 actually) to copy filtered resources, i.e. build is platform dependent!
2018-05-24 14:39:39,532 [Worker-25] INFO  o.e.m.c.i.embedder.EclipseLogger - Copying 0 resource
2018-05-24 14:39:39,533 [Worker-25] WARN  o.e.m.c.i.embedder.EclipseLogger - Using platform encoding (Cp1252 actually) to copy filtered resources, i.e. build is platform dependent!
2018-05-24 14:39:39,534 [Worker-25] INFO  o.e.m.c.i.embedder.EclipseLogger - Copying 0 resource
2018-05-24 14:41:30,169 [Worker-25] WARN  o.e.m.c.i.embedder.EclipseLogger - Using platform encoding (Cp1252 actually) to copy filtered resources, i.e. build is platform dependent!
2018-05-24 14:41:30,171 [Worker-25] INFO  o.e.m.c.i.embedder.EclipseLogger - Copying 0 resource
2018-05-24 14:41:30,173 [Worker-25] WARN  o.e.m.c.i.embedder.EclipseLogger - Using platform encoding (Cp1252 actually) to copy filtered resources, i.e. build is platform dependent!
2018-05-24 14:41:30,174 [Worker-25] INFO  o.e.m.c.i.embedder.EclipseLogger - Copying 0 resource
2018-05-24 14:42:47,235 [Worker-25] WARN  o.e.m.c.i.embedder.EclipseLogger - Using platform encoding (Cp1252 actually) to copy filtered resources, i.e. build is platform dependent!
2018-05-24 14:42:47,237 [Worker-25] INFO  o.e.m.c.i.embedder.EclipseLogger - Copying 0 resource
2018-05-24 14:42:47,238 [Worker-25] WARN  o.e.m.c.i.embedder.EclipseLogger - Using platform encoding (Cp1252 actually) to copy filtered resources, i.e. build is platform dependent!
2018-05-24 14:42:47,240 [Worker-25] INFO  o.e.m.c.i.embedder.EclipseLogger - Copying 0 resource
2018-05-24 14:44:03,263 [Worker-24] WARN  o.e.m.c.i.embedder.EclipseLogger - Using platform encoding (Cp1252 actually) to copy filtered resources, i.e. build is platform dependent!
2018-05-24 14:44:03,265 [Worker-24] INFO  o.e.m.c.i.embedder.EclipseLogger - Copying 0 resource
2018-05-24 14:44:03,266 [Worker-24] WARN  o.e.m.c.i.embedder.EclipseLogger - Using platform encoding (Cp1252 actually) to copy filtered resources, i.e. build is platform dependent!
2018-05-24 14:44:03,268 [Worker-24] INFO  o.e.m.c.i.embedder.EclipseLogger - Copying 0 resource
2018-05-24 14:46:20,305 [Worker-23] WARN  o.e.m.c.i.embedder.EclipseLogger - Using platform encoding (Cp1252 actually) to copy filtered resources, i.e. build is platform dependent!
2018-05-24 14:46:20,307 [Worker-23] INFO  o.e.m.c.i.embedder.EclipseLogger - Copying 0 resource
2018-05-24 14:46:20,308 [Worker-23] WARN  o.e.m.c.i.embedder.EclipseLogger - Using platform encoding (Cp1252 actually) to copy filtered resources, i.e. build is platform dependent!
2018-05-24 14:46:20,310 [Worker-23] INFO  o.e.m.c.i.embedder.EclipseLogger - Copying 0 resource
2018-05-24 14:46:27,893 [Worker-24] WARN  o.e.m.c.i.embedder.EclipseLogger - Using platform encoding (Cp1252 actually) to copy filtered resources, i.e. build is platform dependent!
2018-05-24 14:46:27,895 [Worker-24] INFO  o.e.m.c.i.embedder.EclipseLogger - Copying 0 resource
2018-05-24 14:46:27,897 [Worker-24] WARN  o.e.m.c.i.embedder.EclipseLogger - Using platform encoding (Cp1252 actually) to copy filtered resources, i.e. build is platform dependent!
2018-05-24 14:46:27,898 [Worker-24] INFO  o.e.m.c.i.embedder.EclipseLogger - Copying 0 resource
2018-05-24 14:53:01,525 [Worker-26] WARN  o.e.m.c.i.embedder.EclipseLogger - Using platform encoding (Cp1252 actually) to copy filtered resources, i.e. build is platform dependent!
2018-05-24 14:53:01,527 [Worker-26] INFO  o.e.m.c.i.embedder.EclipseLogger - Copying 0 resource
2018-05-24 14:53:01,528 [Worker-26] WARN  o.e.m.c.i.embedder.EclipseLogger - Using platform encoding (Cp1252 actually) to copy filtered resources, i.e. build is platform dependent!
2018-05-24 14:53:01,528 [Worker-26] INFO  o.e.m.c.i.embedder.EclipseLogger - Copying 0 resource
2018-05-24 14:53:15,958 [Worker-29] WARN  o.e.m.c.i.embedder.EclipseLogger - Using platform encoding (Cp1252 actually) to copy filtered resources, i.e. build is platform dependent!
2018-05-24 14:53:15,959 [Worker-29] INFO  o.e.m.c.i.embedder.EclipseLogger - Copying 0 resource
2018-05-24 14:53:15,962 [Worker-29] WARN  o.e.m.c.i.embedder.EclipseLogger - Using platform encoding (Cp1252 actually) to copy filtered resources, i.e. build is platform dependent!
2018-05-24 14:53:15,963 [Worker-29] INFO  o.e.m.c.i.embedder.EclipseLogger - Copying 0 resource
2018-05-24 14:57:54,949 [Worker-23] WARN  o.e.m.c.i.embedder.EclipseLogger - Using platform encoding (Cp1252 actually) to copy filtered resources, i.e. build is platform dependent!
2018-05-24 14:57:54,951 [Worker-23] INFO  o.e.m.c.i.embedder.EclipseLogger - Copying 0 resource
2018-05-24 14:57:54,952 [Worker-23] WARN  o.e.m.c.i.embedder.EclipseLogger - Using platform encoding (Cp1252 actually) to copy filtered resources, i.e. build is platform dependent!
2018-05-24 14:57:54,953 [Worker-23] INFO  o.e.m.c.i.embedder.EclipseLogger - Copying 0 resource
2018-05-24 15:00:48,744 [Worker-31] WARN  o.e.m.c.i.embedder.EclipseLogger - Using platform encoding (Cp1252 actually) to copy filtered resources, i.e. build is platform dependent!
2018-05-24 15:00:48,746 [Worker-31] INFO  o.e.m.c.i.embedder.EclipseLogger - Copying 0 resource
2018-05-24 15:00:48,747 [Worker-31] WARN  o.e.m.c.i.embedder.EclipseLogger - Using platform encoding (Cp1252 actually) to copy filtered resources, i.e. build is platform dependent!
2018-05-24 15:00:48,750 [Worker-31] INFO  o.e.m.c.i.embedder.EclipseLogger - Copying 0 resource
2018-05-24 15:06:20,069 [Worker-29] WARN  o.e.m.c.i.embedder.EclipseLogger - Using platform encoding (Cp1252 actually) to copy filtered resources, i.e. build is platform dependent!
2018-05-24 15:06:20,071 [Worker-29] INFO  o.e.m.c.i.embedder.EclipseLogger - Copying 0 resource
2018-05-24 15:06:20,073 [Worker-29] WARN  o.e.m.c.i.embedder.EclipseLogger - Using platform encoding (Cp1252 actually) to copy filtered resources, i.e. build is platform dependent!
2018-05-24 15:06:20,074 [Worker-29] INFO  o.e.m.c.i.embedder.EclipseLogger - Copying 0 resource
2018-05-24 15:11:03,109 [Worker-35] WARN  o.e.m.c.i.embedder.EclipseLogger - Using platform encoding (Cp1252 actually) to copy filtered resources, i.e. build is platform dependent!
2018-05-24 15:11:03,110 [Worker-35] INFO  o.e.m.c.i.embedder.EclipseLogger - Copying 0 resource
2018-05-24 15:11:03,112 [Worker-35] WARN  o.e.m.c.i.embedder.EclipseLogger - Using platform encoding (Cp1252 actually) to copy filtered resources, i.e. build is platform dependent!
2018-05-24 15:11:03,114 [Worker-35] INFO  o.e.m.c.i.embedder.EclipseLogger - Copying 0 resource
2018-05-24 15:13:02,188 [Worker-35] WARN  o.e.m.c.i.embedder.EclipseLogger - Using platform encoding (Cp1252 actually) to copy filtered resources, i.e. build is platform dependent!
2018-05-24 15:13:02,189 [Worker-35] INFO  o.e.m.c.i.embedder.EclipseLogger - Copying 0 resource
2018-05-24 15:13:02,190 [Worker-35] WARN  o.e.m.c.i.embedder.EclipseLogger - Using platform encoding (Cp1252 actually) to copy filtered resources, i.e. build is platform dependent!
2018-05-24 15:13:02,192 [Worker-35] INFO  o.e.m.c.i.embedder.EclipseLogger - Copying 0 resource
2018-05-24 15:17:24,991 [Worker-32] WARN  o.e.m.c.i.embedder.EclipseLogger - Using platform encoding (Cp1252 actually) to copy filtered resources, i.e. build is platform dependent!
2018-05-24 15:17:24,998 [Worker-32] INFO  o.e.m.c.i.embedder.EclipseLogger - Copying 0 resource
2018-05-24 15:17:25,000 [Worker-32] WARN  o.e.m.c.i.embedder.EclipseLogger - Using platform encoding (Cp1252 actually) to copy filtered resources, i.e. build is platform dependent!
2018-05-24 15:17:25,001 [Worker-32] INFO  o.e.m.c.i.embedder.EclipseLogger - Copying 0 resource
2018-05-24 15:24:21,554 [Worker-39] WARN  o.e.m.c.i.embedder.EclipseLogger - Using platform encoding (Cp1252 actually) to copy filtered resources, i.e. build is platform dependent!
2018-05-24 15:24:21,556 [Worker-39] INFO  o.e.m.c.i.embedder.EclipseLogger - Copying 0 resource
2018-05-24 15:24:21,557 [Worker-39] WARN  o.e.m.c.i.embedder.EclipseLogger - Using platform encoding (Cp1252 actually) to copy filtered resources, i.e. build is platform dependent!
2018-05-24 15:24:21,559 [Worker-39] INFO  o.e.m.c.i.embedder.EclipseLogger - Copying 0 resource
2018-05-24 15:25:02,050 [Worker-29] WARN  o.e.m.c.i.embedder.EclipseLogger - Using platform encoding (Cp1252 actually) to copy filtered resources, i.e. build is platform dependent!
2018-05-24 15:25:02,052 [Worker-29] INFO  o.e.m.c.i.embedder.EclipseLogger - Copying 0 resource
2018-05-24 15:25:02,054 [Worker-29] WARN  o.e.m.c.i.embedder.EclipseLogger - Using platform encoding (Cp1252 actually) to copy filtered resources, i.e. build is platform dependent!
2018-05-24 15:25:02,055 [Worker-29] INFO  o.e.m.c.i.embedder.EclipseLogger - Copying 0 resource
2018-05-24 15:25:45,624 [Worker-42] WARN  o.e.m.c.i.embedder.EclipseLogger - Using platform encoding (Cp1252 actually) to copy filtered resources, i.e. build is platform dependent!
2018-05-24 15:25:45,626 [Worker-42] INFO  o.e.m.c.i.embedder.EclipseLogger - Copying 0 resource
2018-05-24 15:25:45,627 [Worker-42] WARN  o.e.m.c.i.embedder.EclipseLogger - Using platform encoding (Cp1252 actually) to copy filtered resources, i.e. build is platform dependent!
2018-05-24 15:25:45,628 [Worker-42] INFO  o.e.m.c.i.embedder.EclipseLogger - Copying 0 resource
2018-05-24 15:43:35,288 [Worker-3] WARN  o.e.m.c.i.embedder.EclipseLogger - Using platform encoding (Cp1252 actually) to copy filtered resources, i.e. build is platform dependent!
2018-05-24 15:43:35,302 [Worker-3] INFO  o.e.m.c.i.embedder.EclipseLogger - Copying 0 resource
2018-05-24 15:43:35,306 [Worker-3] WARN  o.e.m.c.i.embedder.EclipseLogger - Using platform encoding (Cp1252 actually) to copy filtered resources, i.e. build is platform dependent!
2018-05-24 15:43:35,308 [Worker-3] INFO  o.e.m.c.i.embedder.EclipseLogger - Copying 0 resource
2018-05-24 15:44:32,457 [Worker-14] WARN  o.e.m.c.i.embedder.EclipseLogger - Using platform encoding (Cp1252 actually) to copy filtered resources, i.e. build is platform dependent!
2018-05-24 15:44:32,462 [Worker-14] INFO  o.e.m.c.i.embedder.EclipseLogger - Copying 0 resource
2018-05-24 15:44:32,464 [Worker-14] WARN  o.e.m.c.i.embedder.EclipseLogger - Using platform encoding (Cp1252 actually) to copy filtered resources, i.e. build is platform dependent!
2018-05-24 15:44:32,466 [Worker-14] INFO  o.e.m.c.i.embedder.EclipseLogger - Copying 0 resource
2018-05-24 15:47:47,881 [Worker-17] WARN  o.e.m.c.i.embedder.EclipseLogger - Using platform encoding (Cp1252 actually) to copy filtered resources, i.e. build is platform dependent!
2018-05-24 15:47:47,883 [Worker-17] INFO  o.e.m.c.i.embedder.EclipseLogger - Copying 0 resource
2018-05-24 15:47:47,884 [Worker-17] WARN  o.e.m.c.i.embedder.EclipseLogger - Using platform encoding (Cp1252 actually) to copy filtered resources, i.e. build is platform dependent!
2018-05-24 15:47:47,885 [Worker-17] INFO  o.e.m.c.i.embedder.EclipseLogger - Copying 0 resource
2018-05-24 15:48:08,804 [Worker-8] WARN  o.e.m.c.i.embedder.EclipseLogger - Using platform encoding (Cp1252 actually) to copy filtered resources, i.e. build is platform dependent!
2018-05-24 15:48:08,806 [Worker-8] INFO  o.e.m.c.i.embedder.EclipseLogger - Copying 0 resource
2018-05-24 15:48:08,808 [Worker-8] WARN  o.e.m.c.i.embedder.EclipseLogger - Using platform encoding (Cp1252 actually) to copy filtered resources, i.e. build is platform dependent!
2018-05-24 15:48:08,809 [Worker-8] INFO  o.e.m.c.i.embedder.EclipseLogger - Copying 0 resource
2018-05-24 15:53:01,123 [Worker-14] WARN  o.e.m.c.i.embedder.EclipseLogger - Using platform encoding (Cp1252 actually) to copy filtered resources, i.e. build is platform dependent!
2018-05-24 15:53:01,127 [Worker-14] INFO  o.e.m.c.i.embedder.EclipseLogger - Copying 2 resources
2018-05-24 15:53:01,138 [Worker-14] WARN  o.e.m.c.i.embedder.EclipseLogger - Using platform encoding (Cp1252 actually) to copy filtered resources, i.e. build is platform dependent!
2018-05-24 15:53:01,139 [Worker-14] INFO  o.e.m.c.i.embedder.EclipseLogger - Copying 0 resource
2018-05-24 15:56:32,196 [Worker-14] WARN  o.e.m.c.i.embedder.EclipseLogger - Using platform encoding (Cp1252 actually) to copy filtered resources, i.e. build is platform dependent!
2018-05-24 15:56:32,198 [Worker-14] INFO  o.e.m.c.i.embedder.EclipseLogger - Copying 2 resources
2018-05-24 15:56:32,199 [Worker-14] WARN  o.e.m.c.i.embedder.EclipseLogger - Using platform encoding (Cp1252 actually) to copy filtered resources, i.e. build is platform dependent!
2018-05-24 15:56:32,201 [Worker-14] INFO  o.e.m.c.i.embedder.EclipseLogger - Copying 0 resource
2018-05-24 16:34:42,840 [Worker-23] WARN  o.e.m.c.i.embedder.EclipseLogger - Using platform encoding (Cp1252 actually) to copy filtered resources, i.e. build is platform dependent!
2018-05-24 16:34:42,842 [Worker-23] INFO  o.e.m.c.i.embedder.EclipseLogger - Copying 2 resources
2018-05-24 16:34:42,844 [Worker-23] WARN  o.e.m.c.i.embedder.EclipseLogger - Using platform encoding (Cp1252 actually) to copy filtered resources, i.e. build is platform dependent!
2018-05-24 16:34:42,846 [Worker-23] INFO  o.e.m.c.i.embedder.EclipseLogger - Copying 0 resource
2018-05-24 16:38:11,045 [Worker-14] WARN  o.e.m.c.i.embedder.EclipseLogger - Using platform encoding (Cp1252 actually) to copy filtered resources, i.e. build is platform dependent!
2018-05-24 16:38:11,047 [Worker-14] INFO  o.e.m.c.i.embedder.EclipseLogger - Copying 2 resources
2018-05-24 16:38:11,050 [Worker-14] WARN  o.e.m.c.i.embedder.EclipseLogger - Using platform encoding (Cp1252 actually) to copy filtered resources, i.e. build is platform dependent!
2018-05-24 16:38:11,052 [Worker-14] INFO  o.e.m.c.i.embedder.EclipseLogger - Copying 0 resource
2018-05-24 16:38:51,899 [Worker-28] WARN  o.e.m.c.i.embedder.EclipseLogger - Using platform encoding (Cp1252 actually) to copy filtered resources, i.e. build is platform dependent!
2018-05-24 16:38:51,901 [Worker-28] INFO  o.e.m.c.i.embedder.EclipseLogger - Copying 2 resources
2018-05-24 16:38:51,904 [Worker-28] WARN  o.e.m.c.i.embedder.EclipseLogger - Using platform encoding (Cp1252 actually) to copy filtered resources, i.e. build is platform dependent!
2018-05-24 16:38:51,905 [Worker-28] INFO  o.e.m.c.i.embedder.EclipseLogger - Copying 0 resource
2018-05-24 16:47:04,760 [Worker-14] WARN  o.e.m.c.i.embedder.EclipseLogger - Using platform encoding (Cp1252 actually) to copy filtered resources, i.e. build is platform dependent!
2018-05-24 16:47:04,763 [Worker-14] INFO  o.e.m.c.i.embedder.EclipseLogger - Copying 2 resources
2018-05-24 16:47:04,765 [Worker-14] WARN  o.e.m.c.i.embedder.EclipseLogger - Using platform encoding (Cp1252 actually) to copy filtered resources, i.e. build is platform dependent!
2018-05-24 16:47:04,768 [Worker-14] INFO  o.e.m.c.i.embedder.EclipseLogger - Copying 0 resource
2018-05-24 16:49:48,611 [Worker-35] WARN  o.e.m.c.i.embedder.EclipseLogger - Using platform encoding (Cp1252 actually) to copy filtered resources, i.e. build is platform dependent!
2018-05-24 16:49:48,613 [Worker-35] INFO  o.e.m.c.i.embedder.EclipseLogger - Copying 2 resources
2018-05-24 16:49:48,615 [Worker-35] WARN  o.e.m.c.i.embedder.EclipseLogger - Using platform encoding (Cp1252 actually) to copy filtered resources, i.e. build is platform dependent!
2018-05-24 16:49:48,617 [Worker-35] INFO  o.e.m.c.i.embedder.EclipseLogger - Copying 0 resource
2018-05-24 16:54:14,192 [Worker-36] WARN  o.e.m.c.i.embedder.EclipseLogger - Using platform encoding (Cp1252 actually) to copy filtered resources, i.e. build is platform dependent!
2018-05-24 16:54:14,194 [Worker-36] INFO  o.e.m.c.i.embedder.EclipseLogger - Copying 2 resources
2018-05-24 16:54:14,196 [Worker-36] WARN  o.e.m.c.i.embedder.EclipseLogger - Using platform encoding (Cp1252 actually) to copy filtered resources, i.e. build is platform dependent!
2018-05-24 16:54:14,198 [Worker-36] INFO  o.e.m.c.i.embedder.EclipseLogger - Copying 0 resource
2018-05-24 17:01:01,969 [Worker-36] WARN  o.e.m.c.i.embedder.EclipseLogger - Using platform encoding (Cp1252 actually) to copy filtered resources, i.e. build is platform dependent!
2018-05-24 17:01:01,971 [Worker-36] INFO  o.e.m.c.i.embedder.EclipseLogger - Copying 2 resources
2018-05-24 17:01:01,973 [Worker-36] WARN  o.e.m.c.i.embedder.EclipseLogger - Using platform encoding (Cp1252 actually) to copy filtered resources, i.e. build is platform dependent!
2018-05-24 17:01:01,974 [Worker-36] INFO  o.e.m.c.i.embedder.EclipseLogger - Copying 0 resource
2018-05-24 17:03:36,026 [Worker-31] WARN  o.e.m.c.i.embedder.EclipseLogger - Using platform encoding (Cp1252 actually) to copy filtered resources, i.e. build is platform dependent!
2018-05-24 17:03:36,028 [Worker-31] INFO  o.e.m.c.i.embedder.EclipseLogger - Copying 2 resources
2018-05-24 17:03:36,032 [Worker-31] WARN  o.e.m.c.i.embedder.EclipseLogger - Using platform encoding (Cp1252 actually) to copy filtered resources, i.e. build is platform dependent!
2018-05-24 17:03:36,033 [Worker-31] INFO  o.e.m.c.i.embedder.EclipseLogger - Copying 0 resource
2018-05-24 17:03:46,789 [Worker-35] WARN  o.e.m.c.i.embedder.EclipseLogger - Using platform encoding (Cp1252 actually) to copy filtered resources, i.e. build is platform dependent!
2018-05-24 17:03:46,790 [Worker-35] INFO  o.e.m.c.i.embedder.EclipseLogger - Copying 2 resources
2018-05-24 17:03:46,791 [Worker-35] WARN  o.e.m.c.i.embedder.EclipseLogger - Using platform encoding (Cp1252 actually) to copy filtered resources, i.e. build is platform dependent!
2018-05-24 17:03:46,792 [Worker-35] INFO  o.e.m.c.i.embedder.EclipseLogger - Copying 0 resource
2018-05-24 17:22:01,828 [Worker-43] WARN  o.e.m.c.i.embedder.EclipseLogger - Using platform encoding (Cp1252 actually) to copy filtered resources, i.e. build is platform dependent!
2018-05-24 17:22:01,831 [Worker-43] INFO  o.e.m.c.i.embedder.EclipseLogger - Copying 2 resources
2018-05-24 17:22:01,833 [Worker-43] WARN  o.e.m.c.i.embedder.EclipseLogger - Using platform encoding (Cp1252 actually) to copy filtered resources, i.e. build is platform dependent!
2018-05-24 17:22:01,834 [Worker-43] INFO  o.e.m.c.i.embedder.EclipseLogger - Copying 0 resource
2018-05-24 17:23:03,114 [Worker-35] WARN  o.e.m.c.i.embedder.EclipseLogger - Using platform encoding (Cp1252 actually) to copy filtered resources, i.e. build is platform dependent!
2018-05-24 17:23:03,115 [Worker-35] INFO  o.e.m.c.i.embedder.EclipseLogger - Copying 2 resources
2018-05-24 17:23:03,117 [Worker-35] WARN  o.e.m.c.i.embedder.EclipseLogger - Using platform encoding (Cp1252 actually) to copy filtered resources, i.e. build is platform dependent!
2018-05-24 17:23:03,118 [Worker-35] INFO  o.e.m.c.i.embedder.EclipseLogger - Copying 0 resource
2018-05-24 17:27:33,925 [Worker-45] WARN  o.e.m.c.i.embedder.EclipseLogger - Using platform encoding (Cp1252 actually) to copy filtered resources, i.e. build is platform dependent!
2018-05-24 17:27:33,927 [Worker-45] INFO  o.e.m.c.i.embedder.EclipseLogger - Copying 2 resources
2018-05-24 17:27:33,930 [Worker-45] WARN  o.e.m.c.i.embedder.EclipseLogger - Using platform encoding (Cp1252 actually) to copy filtered resources, i.e. build is platform dependent!
2018-05-24 17:27:33,933 [Worker-45] INFO  o.e.m.c.i.embedder.EclipseLogger - Copying 0 resource
2018-05-24 17:29:52,335 [Worker-31] WARN  o.e.m.c.i.embedder.EclipseLogger - Using platform encoding (Cp1252 actually) to copy filtered resources, i.e. build is platform dependent!
2018-05-24 17:29:52,336 [Worker-31] INFO  o.e.m.c.i.embedder.EclipseLogger - Copying 2 resources
2018-05-24 17:29:52,338 [Worker-31] WARN  o.e.m.c.i.embedder.EclipseLogger - Using platform encoding (Cp1252 actually) to copy filtered resources, i.e. build is platform dependent!
2018-05-24 17:29:52,340 [Worker-31] INFO  o.e.m.c.i.embedder.EclipseLogger - Copying 0 resource
2018-05-24 17:32:42,464 [Worker-48] WARN  o.e.m.c.i.embedder.EclipseLogger - Using platform encoding (Cp1252 actually) to copy filtered resources, i.e. build is platform dependent!
2018-05-24 17:32:42,467 [Worker-48] INFO  o.e.m.c.i.embedder.EclipseLogger - Copying 2 resources
2018-05-24 17:32:42,469 [Worker-48] WARN  o.e.m.c.i.embedder.EclipseLogger - Using platform encoding (Cp1252 actually) to copy filtered resources, i.e. build is platform dependent!
2018-05-24 17:32:42,534 [Worker-48] INFO  o.e.m.c.i.embedder.EclipseLogger - Copying 0 resource
2018-05-25 09:41:48,004 [Worker-79] WARN  o.e.m.c.i.embedder.EclipseLogger - Using platform encoding (Cp1252 actually) to copy filtered resources, i.e. build is platform dependent!
2018-05-25 09:41:48,052 [Worker-79] INFO  o.e.m.c.i.embedder.EclipseLogger - Copying 2 resources
2018-05-25 09:41:48,054 [Worker-79] WARN  o.e.m.c.i.embedder.EclipseLogger - Using platform encoding (Cp1252 actually) to copy filtered resources, i.e. build is platform dependent!
2018-05-25 09:41:48,055 [Worker-79] INFO  o.e.m.c.i.embedder.EclipseLogger - Copying 0 resource
2018-05-25 09:58:05,762 [Worker-82] WARN  o.e.m.c.i.embedder.EclipseLogger - Using platform encoding (Cp1252 actually) to copy filtered resources, i.e. build is platform dependent!
2018-05-25 09:58:05,764 [Worker-82] INFO  o.e.m.c.i.embedder.EclipseLogger - Copying 2 resources
2018-05-25 09:58:05,766 [Worker-82] WARN  o.e.m.c.i.embedder.EclipseLogger - Using platform encoding (Cp1252 actually) to copy filtered resources, i.e. build is platform dependent!
2018-05-25 09:58:05,767 [Worker-82] INFO  o.e.m.c.i.embedder.EclipseLogger - Copying 0 resource
2018-05-25 09:58:39,379 [Worker-84] WARN  o.e.m.c.i.embedder.EclipseLogger - Using platform encoding (Cp1252 actually) to copy filtered resources, i.e. build is platform dependent!
2018-05-25 09:58:39,381 [Worker-84] INFO  o.e.m.c.i.embedder.EclipseLogger - Copying 2 resources
2018-05-25 09:58:39,383 [Worker-84] WARN  o.e.m.c.i.embedder.EclipseLogger - Using platform encoding (Cp1252 actually) to copy filtered resources, i.e. build is platform dependent!
2018-05-25 09:58:39,384 [Worker-84] INFO  o.e.m.c.i.embedder.EclipseLogger - Copying 0 resource
2018-05-25 09:58:50,834 [Worker-84] WARN  o.e.m.c.i.embedder.EclipseLogger - Using platform encoding (Cp1252 actually) to copy filtered resources, i.e. build is platform dependent!
2018-05-25 09:58:50,836 [Worker-84] INFO  o.e.m.c.i.embedder.EclipseLogger - Copying 2 resources
2018-05-25 09:58:50,838 [Worker-84] WARN  o.e.m.c.i.embedder.EclipseLogger - Using platform encoding (Cp1252 actually) to copy filtered resources, i.e. build is platform dependent!
2018-05-25 09:58:50,840 [Worker-84] INFO  o.e.m.c.i.embedder.EclipseLogger - Copying 0 resource
2018-05-25 09:59:06,500 [Worker-67] WARN  o.e.m.c.i.embedder.EclipseLogger - Using platform encoding (Cp1252 actually) to copy filtered resources, i.e. build is platform dependent!
2018-05-25 09:59:06,502 [Worker-67] INFO  o.e.m.c.i.embedder.EclipseLogger - Copying 2 resources
2018-05-25 09:59:06,504 [Worker-67] WARN  o.e.m.c.i.embedder.EclipseLogger - Using platform encoding (Cp1252 actually) to copy filtered resources, i.e. build is platform dependent!
2018-05-25 09:59:06,506 [Worker-67] INFO  o.e.m.c.i.embedder.EclipseLogger - Copying 0 resource
2018-05-25 10:07:56,215 [Worker-86] WARN  o.e.m.c.i.embedder.EclipseLogger - Using platform encoding (Cp1252 actually) to copy filtered resources, i.e. build is platform dependent!
2018-05-25 10:07:56,217 [Worker-86] INFO  o.e.m.c.i.embedder.EclipseLogger - Copying 2 resources
2018-05-25 10:07:56,219 [Worker-86] WARN  o.e.m.c.i.embedder.EclipseLogger - Using platform encoding (Cp1252 actually) to copy filtered resources, i.e. build is platform dependent!
2018-05-25 10:07:56,220 [Worker-86] INFO  o.e.m.c.i.embedder.EclipseLogger - Copying 0 resource
2018-05-25 10:10:42,541 [Worker-86] WARN  o.e.m.c.i.embedder.EclipseLogger - Using platform encoding (Cp1252 actually) to copy filtered resources, i.e. build is platform dependent!
2018-05-25 10:10:42,543 [Worker-86] INFO  o.e.m.c.i.embedder.EclipseLogger - Copying 2 resources
2018-05-25 10:10:42,544 [Worker-86] WARN  o.e.m.c.i.embedder.EclipseLogger - Using platform encoding (Cp1252 actually) to copy filtered resources, i.e. build is platform dependent!
2018-05-25 10:10:42,546 [Worker-86] INFO  o.e.m.c.i.embedder.EclipseLogger - Copying 0 resource
2018-05-25 10:15:37,723 [Worker-78] WARN  o.e.m.c.i.embedder.EclipseLogger - Using platform encoding (Cp1252 actually) to copy filtered resources, i.e. build is platform dependent!
2018-05-25 10:15:37,725 [Worker-78] INFO  o.e.m.c.i.embedder.EclipseLogger - Copying 2 resources
2018-05-25 10:15:37,726 [Worker-78] WARN  o.e.m.c.i.embedder.EclipseLogger - Using platform encoding (Cp1252 actually) to copy filtered resources, i.e. build is platform dependent!
2018-05-25 10:15:37,727 [Worker-78] INFO  o.e.m.c.i.embedder.EclipseLogger - Copying 0 resource
2018-05-25 10:21:19,761 [Worker-91] WARN  o.e.m.c.i.embedder.EclipseLogger - Using platform encoding (Cp1252 actually) to copy filtered resources, i.e. build is platform dependent!
2018-05-25 10:21:19,763 [Worker-91] INFO  o.e.m.c.i.embedder.EclipseLogger - Copying 2 resources
2018-05-25 10:21:19,765 [Worker-91] WARN  o.e.m.c.i.embedder.EclipseLogger - Using platform encoding (Cp1252 actually) to copy filtered resources, i.e. build is platform dependent!
2018-05-25 10:21:19,766 [Worker-91] INFO  o.e.m.c.i.embedder.EclipseLogger - Copying 0 resource
2018-05-25 10:21:52,007 [Worker-98] WARN  o.e.m.c.i.embedder.EclipseLogger - Using platform encoding (Cp1252 actually) to copy filtered resources, i.e. build is platform dependent!
2018-05-25 10:21:52,009 [Worker-98] INFO  o.e.m.c.i.embedder.EclipseLogger - Copying 2 resources
2018-05-25 10:21:52,010 [Worker-98] WARN  o.e.m.c.i.embedder.EclipseLogger - Using platform encoding (Cp1252 actually) to copy filtered resources, i.e. build is platform dependent!
2018-05-25 10:21:52,012 [Worker-98] INFO  o.e.m.c.i.embedder.EclipseLogger - Copying 0 resource
2018-05-25 10:25:55,109 [Worker-99] WARN  o.e.m.c.i.embedder.EclipseLogger - Using platform encoding (Cp1252 actually) to copy filtered resources, i.e. build is platform dependent!
2018-05-25 10:25:55,127 [Worker-99] INFO  o.e.m.c.i.embedder.EclipseLogger - Copying 2 resources
2018-05-25 10:25:55,129 [Worker-99] WARN  o.e.m.c.i.embedder.EclipseLogger - Using platform encoding (Cp1252 actually) to copy filtered resources, i.e. build is platform dependent!
2018-05-25 10:25:55,130 [Worker-99] INFO  o.e.m.c.i.embedder.EclipseLogger - Copying 0 resource
2018-05-25 10:31:47,552 [Worker-100] WARN  o.e.m.c.i.embedder.EclipseLogger - Using platform encoding (Cp1252 actually) to copy filtered resources, i.e. build is platform dependent!
2018-05-25 10:31:47,555 [Worker-100] INFO  o.e.m.c.i.embedder.EclipseLogger - Copying 2 resources
2018-05-25 10:31:47,557 [Worker-100] WARN  o.e.m.c.i.embedder.EclipseLogger - Using platform encoding (Cp1252 actually) to copy filtered resources, i.e. build is platform dependent!
2018-05-25 10:31:47,558 [Worker-100] INFO  o.e.m.c.i.embedder.EclipseLogger - Copying 0 resource
2018-05-25 10:37:52,097 [Worker-101] WARN  o.e.m.c.i.embedder.EclipseLogger - Using platform encoding (Cp1252 actually) to copy filtered resources, i.e. build is platform dependent!
2018-05-25 10:37:52,099 [Worker-101] INFO  o.e.m.c.i.embedder.EclipseLogger - Copying 2 resources
2018-05-25 10:37:52,100 [Worker-101] WARN  o.e.m.c.i.embedder.EclipseLogger - Using platform encoding (Cp1252 actually) to copy filtered resources, i.e. build is platform dependent!
2018-05-25 10:37:52,103 [Worker-101] INFO  o.e.m.c.i.embedder.EclipseLogger - Copying 0 resource
2018-05-25 10:40:18,579 [Worker-102] WARN  o.e.m.c.i.embedder.EclipseLogger - Using platform encoding (Cp1252 actually) to copy filtered resources, i.e. build is platform dependent!
2018-05-25 10:40:18,581 [Worker-102] INFO  o.e.m.c.i.embedder.EclipseLogger - Copying 2 resources
2018-05-25 10:40:18,582 [Worker-102] WARN  o.e.m.c.i.embedder.EclipseLogger - Using platform encoding (Cp1252 actually) to copy filtered resources, i.e. build is platform dependent!
2018-05-25 10:40:18,583 [Worker-102] INFO  o.e.m.c.i.embedder.EclipseLogger - Copying 0 resource
2018-05-25 10:44:48,621 [Worker-102] WARN  o.e.m.c.i.embedder.EclipseLogger - Using platform encoding (Cp1252 actually) to copy filtered resources, i.e. build is platform dependent!
2018-05-25 10:44:48,623 [Worker-102] INFO  o.e.m.c.i.embedder.EclipseLogger - Copying 2 resources
2018-05-25 10:44:48,625 [Worker-102] WARN  o.e.m.c.i.embedder.EclipseLogger - Using platform encoding (Cp1252 actually) to copy filtered resources, i.e. build is platform dependent!
2018-05-25 10:44:48,626 [Worker-102] INFO  o.e.m.c.i.embedder.EclipseLogger - Copying 0 resource
2018-05-25 10:45:51,300 [Worker-78] WARN  o.e.m.c.i.embedder.EclipseLogger - Using platform encoding (Cp1252 actually) to copy filtered resources, i.e. build is platform dependent!
2018-05-25 10:45:51,303 [Worker-78] INFO  o.e.m.c.i.embedder.EclipseLogger - Copying 2 resources
2018-05-25 10:45:51,305 [Worker-78] WARN  o.e.m.c.i.embedder.EclipseLogger - Using platform encoding (Cp1252 actually) to copy filtered resources, i.e. build is platform dependent!
2018-05-25 10:45:51,306 [Worker-78] INFO  o.e.m.c.i.embedder.EclipseLogger - Copying 0 resource
2018-05-25 10:47:58,821 [Worker-103] WARN  o.e.m.c.i.embedder.EclipseLogger - Using platform encoding (Cp1252 actually) to copy filtered resources, i.e. build is platform dependent!
2018-05-25 10:47:58,822 [Worker-103] INFO  o.e.m.c.i.embedder.EclipseLogger - Copying 2 resources
2018-05-25 10:47:58,824 [Worker-103] WARN  o.e.m.c.i.embedder.EclipseLogger - Using platform encoding (Cp1252 actually) to copy filtered resources, i.e. build is platform dependent!
2018-05-25 10:47:58,826 [Worker-103] INFO  o.e.m.c.i.embedder.EclipseLogger - Copying 0 resource
2018-05-25 11:08:58,847 [Worker-107] WARN  o.e.m.c.i.embedder.EclipseLogger - Using platform encoding (Cp1252 actually) to copy filtered resources, i.e. build is platform dependent!
2018-05-25 11:08:58,850 [Worker-107] INFO  o.e.m.c.i.embedder.EclipseLogger - Copying 2 resources
2018-05-25 11:08:58,852 [Worker-107] WARN  o.e.m.c.i.embedder.EclipseLogger - Using platform encoding (Cp1252 actually) to copy filtered resources, i.e. build is platform dependent!
2018-05-25 11:08:58,853 [Worker-107] INFO  o.e.m.c.i.embedder.EclipseLogger - Copying 0 resource
2018-05-25 11:09:11,257 [Worker-106] WARN  o.e.m.c.i.embedder.EclipseLogger - Using platform encoding (Cp1252 actually) to copy filtered resources, i.e. build is platform dependent!
2018-05-25 11:09:11,259 [Worker-106] INFO  o.e.m.c.i.embedder.EclipseLogger - Copying 2 resources
2018-05-25 11:09:11,261 [Worker-106] WARN  o.e.m.c.i.embedder.EclipseLogger - Using platform encoding (Cp1252 actually) to copy filtered resources, i.e. build is platform dependent!
2018-05-25 11:09:11,262 [Worker-106] INFO  o.e.m.c.i.embedder.EclipseLogger - Copying 0 resource
2018-05-25 11:09:44,463 [Worker-109] WARN  o.e.m.c.i.embedder.EclipseLogger - Using platform encoding (Cp1252 actually) to copy filtered resources, i.e. build is platform dependent!
2018-05-25 11:09:44,465 [Worker-109] INFO  o.e.m.c.i.embedder.EclipseLogger - Copying 2 resources
2018-05-25 11:09:44,468 [Worker-109] WARN  o.e.m.c.i.embedder.EclipseLogger - Using platform encoding (Cp1252 actually) to copy filtered resources, i.e. build is platform dependent!
2018-05-25 11:09:44,469 [Worker-109] INFO  o.e.m.c.i.embedder.EclipseLogger - Copying 0 resource
2018-05-25 11:13:12,944 [Worker-110] WARN  o.e.m.c.i.embedder.EclipseLogger - Using platform encoding (Cp1252 actually) to copy filtered resources, i.e. build is platform dependent!
2018-05-25 11:13:12,946 [Worker-110] INFO  o.e.m.c.i.embedder.EclipseLogger - Copying 2 resources
2018-05-25 11:13:12,947 [Worker-110] WARN  o.e.m.c.i.embedder.EclipseLogger - Using platform encoding (Cp1252 actually) to copy filtered resources, i.e. build is platform dependent!
2018-05-25 11:13:12,949 [Worker-110] INFO  o.e.m.c.i.embedder.EclipseLogger - Copying 0 resource
2018-05-25 11:15:41,599 [Worker-108] WARN  o.e.m.c.i.embedder.EclipseLogger - Using platform encoding (Cp1252 actually) to copy filtered resources, i.e. build is platform dependent!
2018-05-25 11:15:41,601 [Worker-108] INFO  o.e.m.c.i.embedder.EclipseLogger - Copying 2 resources
2018-05-25 11:15:41,602 [Worker-108] WARN  o.e.m.c.i.embedder.EclipseLogger - Using platform encoding (Cp1252 actually) to copy filtered resources, i.e. build is platform dependent!
2018-05-25 11:15:41,603 [Worker-108] INFO  o.e.m.c.i.embedder.EclipseLogger - Copying 0 resource
2018-05-25 11:18:14,593 [Worker-102] WARN  o.e.m.c.i.embedder.EclipseLogger - Using platform encoding (Cp1252 actually) to copy filtered resources, i.e. build is platform dependent!
2018-05-25 11:18:14,594 [Worker-102] INFO  o.e.m.c.i.embedder.EclipseLogger - Copying 2 resources
2018-05-25 11:18:14,596 [Worker-102] WARN  o.e.m.c.i.embedder.EclipseLogger - Using platform encoding (Cp1252 actually) to copy filtered resources, i.e. build is platform dependent!
2018-05-25 11:18:14,597 [Worker-102] INFO  o.e.m.c.i.embedder.EclipseLogger - Copying 0 resource
2018-05-25 11:23:17,002 [Worker-102] WARN  o.e.m.c.i.embedder.EclipseLogger - Using platform encoding (Cp1252 actually) to copy filtered resources, i.e. build is platform dependent!
2018-05-25 11:23:17,004 [Worker-102] INFO  o.e.m.c.i.embedder.EclipseLogger - Copying 2 resources
2018-05-25 11:23:17,006 [Worker-102] WARN  o.e.m.c.i.embedder.EclipseLogger - Using platform encoding (Cp1252 actually) to copy filtered resources, i.e. build is platform dependent!
2018-05-25 11:23:17,007 [Worker-102] INFO  o.e.m.c.i.embedder.EclipseLogger - Copying 0 resource
2018-05-25 11:27:49,139 [Worker-113] WARN  o.e.m.c.i.embedder.EclipseLogger - Using platform encoding (Cp1252 actually) to copy filtered resources, i.e. build is platform dependent!
2018-05-25 11:27:49,141 [Worker-113] INFO  o.e.m.c.i.embedder.EclipseLogger - Copying 2 resources
2018-05-25 11:27:49,143 [Worker-113] WARN  o.e.m.c.i.embedder.EclipseLogger - Using platform encoding (Cp1252 actually) to copy filtered resources, i.e. build is platform dependent!
2018-05-25 11:27:49,144 [Worker-113] INFO  o.e.m.c.i.embedder.EclipseLogger - Copying 0 resource
2018-05-25 11:29:06,358 [Worker-117] WARN  o.e.m.c.i.embedder.EclipseLogger - Using platform encoding (Cp1252 actually) to copy filtered resources, i.e. build is platform dependent!
2018-05-25 11:29:06,359 [Worker-117] INFO  o.e.m.c.i.embedder.EclipseLogger - Copying 2 resources
2018-05-25 11:29:06,361 [Worker-117] WARN  o.e.m.c.i.embedder.EclipseLogger - Using platform encoding (Cp1252 actually) to copy filtered resources, i.e. build is platform dependent!
2018-05-25 11:29:06,362 [Worker-117] INFO  o.e.m.c.i.embedder.EclipseLogger - Copying 0 resource
2018-05-25 11:29:10,496 [Worker-116] WARN  o.e.m.c.i.embedder.EclipseLogger - Using platform encoding (Cp1252 actually) to copy filtered resources, i.e. build is platform dependent!
2018-05-25 11:29:10,498 [Worker-116] INFO  o.e.m.c.i.embedder.EclipseLogger - Copying 2 resources
2018-05-25 11:29:10,499 [Worker-116] WARN  o.e.m.c.i.embedder.EclipseLogger - Using platform encoding (Cp1252 actually) to copy filtered resources, i.e. build is platform dependent!
2018-05-25 11:29:10,500 [Worker-116] INFO  o.e.m.c.i.embedder.EclipseLogger - Copying 0 resource
2018-05-25 11:29:36,899 [Worker-113] WARN  o.e.m.c.i.embedder.EclipseLogger - Using platform encoding (Cp1252 actually) to copy filtered resources, i.e. build is platform dependent!
2018-05-25 11:29:36,900 [Worker-113] INFO  o.e.m.c.i.embedder.EclipseLogger - Copying 2 resources
2018-05-25 11:29:36,902 [Worker-113] WARN  o.e.m.c.i.embedder.EclipseLogger - Using platform encoding (Cp1252 actually) to copy filtered resources, i.e. build is platform dependent!
2018-05-25 11:29:36,904 [Worker-113] INFO  o.e.m.c.i.embedder.EclipseLogger - Copying 0 resource
2018-05-25 11:41:54,418 [Worker-123] WARN  o.e.m.c.i.embedder.EclipseLogger - Using platform encoding (Cp1252 actually) to copy filtered resources, i.e. build is platform dependent!
2018-05-25 11:41:54,420 [Worker-123] INFO  o.e.m.c.i.embedder.EclipseLogger - Copying 2 resources
2018-05-25 11:41:54,421 [Worker-123] WARN  o.e.m.c.i.embedder.EclipseLogger - Using platform encoding (Cp1252 actually) to copy filtered resources, i.e. build is platform dependent!
2018-05-25 11:41:54,423 [Worker-123] INFO  o.e.m.c.i.embedder.EclipseLogger - Copying 0 resource
2018-05-25 11:46:13,723 [Worker-123] WARN  o.e.m.c.i.embedder.EclipseLogger - Using platform encoding (Cp1252 actually) to copy filtered resources, i.e. build is platform dependent!
2018-05-25 11:46:13,725 [Worker-123] INFO  o.e.m.c.i.embedder.EclipseLogger - Copying 2 resources
2018-05-25 11:46:13,726 [Worker-123] WARN  o.e.m.c.i.embedder.EclipseLogger - Using platform encoding (Cp1252 actually) to copy filtered resources, i.e. build is platform dependent!
2018-05-25 11:46:13,728 [Worker-123] INFO  o.e.m.c.i.embedder.EclipseLogger - Copying 0 resource
2018-05-25 11:50:36,177 [Worker-126] WARN  o.e.m.c.i.embedder.EclipseLogger - Using platform encoding (Cp1252 actually) to copy filtered resources, i.e. build is platform dependent!
2018-05-25 11:50:36,179 [Worker-126] INFO  o.e.m.c.i.embedder.EclipseLogger - Copying 2 resources
2018-05-25 11:50:36,181 [Worker-126] WARN  o.e.m.c.i.embedder.EclipseLogger - Using platform encoding (Cp1252 actually) to copy filtered resources, i.e. build is platform dependent!
2018-05-25 11:50:36,182 [Worker-126] INFO  o.e.m.c.i.embedder.EclipseLogger - Copying 0 resource
2018-05-25 11:53:05,234 [Worker-102] WARN  o.e.m.c.i.embedder.EclipseLogger - Using platform encoding (Cp1252 actually) to copy filtered resources, i.e. build is platform dependent!
2018-05-25 11:53:05,235 [Worker-102] INFO  o.e.m.c.i.embedder.EclipseLogger - Copying 2 resources
2018-05-25 11:53:05,237 [Worker-102] WARN  o.e.m.c.i.embedder.EclipseLogger - Using platform encoding (Cp1252 actually) to copy filtered resources, i.e. build is platform dependent!
2018-05-25 11:53:05,238 [Worker-102] INFO  o.e.m.c.i.embedder.EclipseLogger - Copying 0 resource
2018-05-25 11:54:56,482 [Worker-126] WARN  o.e.m.c.i.embedder.EclipseLogger - Using platform encoding (Cp1252 actually) to copy filtered resources, i.e. build is platform dependent!
2018-05-25 11:54:56,483 [Worker-126] INFO  o.e.m.c.i.embedder.EclipseLogger - Copying 2 resources
2018-05-25 11:54:56,487 [Worker-126] WARN  o.e.m.c.i.embedder.EclipseLogger - Using platform encoding (Cp1252 actually) to copy filtered resources, i.e. build is platform dependent!
2018-05-25 11:54:56,488 [Worker-126] INFO  o.e.m.c.i.embedder.EclipseLogger - Copying 0 resource
2018-05-25 12:00:22,858 [Worker-123] WARN  o.e.m.c.i.embedder.EclipseLogger - Using platform encoding (Cp1252 actually) to copy filtered resources, i.e. build is platform dependent!
2018-05-25 12:00:22,860 [Worker-123] INFO  o.e.m.c.i.embedder.EclipseLogger - Copying 2 resources
2018-05-25 12:00:22,861 [Worker-123] WARN  o.e.m.c.i.embedder.EclipseLogger - Using platform encoding (Cp1252 actually) to copy filtered resources, i.e. build is platform dependent!
2018-05-25 12:00:22,863 [Worker-123] INFO  o.e.m.c.i.embedder.EclipseLogger - Copying 0 resource
2018-05-25 12:05:14,565 [Worker-102] WARN  o.e.m.c.i.embedder.EclipseLogger - Using platform encoding (Cp1252 actually) to copy filtered resources, i.e. build is platform dependent!
2018-05-25 12:05:14,567 [Worker-102] INFO  o.e.m.c.i.embedder.EclipseLogger - Copying 2 resources
2018-05-25 12:05:14,568 [Worker-102] WARN  o.e.m.c.i.embedder.EclipseLogger - Using platform encoding (Cp1252 actually) to copy filtered resources, i.e. build is platform dependent!
2018-05-25 12:05:14,569 [Worker-102] INFO  o.e.m.c.i.embedder.EclipseLogger - Copying 0 resource
2018-05-25 12:08:50,798 [Worker-125] WARN  o.e.m.c.i.embedder.EclipseLogger - Using platform encoding (Cp1252 actually) to copy filtered resources, i.e. build is platform dependent!
2018-05-25 12:08:50,800 [Worker-125] INFO  o.e.m.c.i.embedder.EclipseLogger - Copying 2 resources
2018-05-25 12:08:50,801 [Worker-125] WARN  o.e.m.c.i.embedder.EclipseLogger - Using platform encoding (Cp1252 actually) to copy filtered resources, i.e. build is platform dependent!
2018-05-25 12:08:50,802 [Worker-125] INFO  o.e.m.c.i.embedder.EclipseLogger - Copying 0 resource
2018-05-25 12:14:17,682 [Worker-102] WARN  o.e.m.c.i.embedder.EclipseLogger - Using platform encoding (Cp1252 actually) to copy filtered resources, i.e. build is platform dependent!
2018-05-25 12:14:17,683 [Worker-102] INFO  o.e.m.c.i.embedder.EclipseLogger - Copying 2 resources
2018-05-25 12:14:17,684 [Worker-102] WARN  o.e.m.c.i.embedder.EclipseLogger - Using platform encoding (Cp1252 actually) to copy filtered resources, i.e. build is platform dependent!
2018-05-25 12:14:17,685 [Worker-102] INFO  o.e.m.c.i.embedder.EclipseLogger - Copying 0 resource
2018-05-25 12:17:17,715 [Worker-123] WARN  o.e.m.c.i.embedder.EclipseLogger - Using platform encoding (Cp1252 actually) to copy filtered resources, i.e. build is platform dependent!
2018-05-25 12:17:17,717 [Worker-123] INFO  o.e.m.c.i.embedder.EclipseLogger - Copying 2 resources
2018-05-25 12:17:17,718 [Worker-123] WARN  o.e.m.c.i.embedder.EclipseLogger - Using platform encoding (Cp1252 actually) to copy filtered resources, i.e. build is platform dependent!
2018-05-25 12:17:17,720 [Worker-123] INFO  o.e.m.c.i.embedder.EclipseLogger - Copying 0 resource
2018-05-25 12:20:40,702 [Worker-135] WARN  o.e.m.c.i.embedder.EclipseLogger - Using platform encoding (Cp1252 actually) to copy filtered resources, i.e. build is platform dependent!
2018-05-25 12:20:40,703 [Worker-135] INFO  o.e.m.c.i.embedder.EclipseLogger - Copying 2 resources
2018-05-25 12:20:40,705 [Worker-135] WARN  o.e.m.c.i.embedder.EclipseLogger - Using platform encoding (Cp1252 actually) to copy filtered resources, i.e. build is platform dependent!
2018-05-25 12:20:40,706 [Worker-135] INFO  o.e.m.c.i.embedder.EclipseLogger - Copying 0 resource
2018-05-25 12:21:32,973 [Worker-136] WARN  o.e.m.c.i.embedder.EclipseLogger - Using platform encoding (Cp1252 actually) to copy filtered resources, i.e. build is platform dependent!
2018-05-25 12:21:32,974 [Worker-136] INFO  o.e.m.c.i.embedder.EclipseLogger - Copying 2 resources
2018-05-25 12:21:32,975 [Worker-136] WARN  o.e.m.c.i.embedder.EclipseLogger - Using platform encoding (Cp1252 actually) to copy filtered resources, i.e. build is platform dependent!
2018-05-25 12:21:32,976 [Worker-136] INFO  o.e.m.c.i.embedder.EclipseLogger - Copying 0 resource
2018-05-25 12:30:17,089 [Worker-138] WARN  o.e.m.c.i.embedder.EclipseLogger - Using platform encoding (Cp1252 actually) to copy filtered resources, i.e. build is platform dependent!
2018-05-25 12:30:17,091 [Worker-138] INFO  o.e.m.c.i.embedder.EclipseLogger - Copying 2 resources
2018-05-25 12:30:17,092 [Worker-138] WARN  o.e.m.c.i.embedder.EclipseLogger - Using platform encoding (Cp1252 actually) to copy filtered resources, i.e. build is platform dependent!
2018-05-25 12:30:17,094 [Worker-138] INFO  o.e.m.c.i.embedder.EclipseLogger - Copying 0 resource
2018-05-25 13:45:55,526 [Worker-143] WARN  o.e.m.c.i.embedder.EclipseLogger - Using platform encoding (Cp1252 actually) to copy filtered resources, i.e. build is platform dependent!
2018-05-25 13:45:55,528 [Worker-143] INFO  o.e.m.c.i.embedder.EclipseLogger - Copying 2 resources
2018-05-25 13:45:55,530 [Worker-143] WARN  o.e.m.c.i.embedder.EclipseLogger - Using platform encoding (Cp1252 actually) to copy filtered resources, i.e. build is platform dependent!
2018-05-25 13:45:55,532 [Worker-143] INFO  o.e.m.c.i.embedder.EclipseLogger - Copying 0 resource
2018-05-25 13:46:03,936 [Worker-141] WARN  o.e.m.c.i.embedder.EclipseLogger - Using platform encoding (Cp1252 actually) to copy filtered resources, i.e. build is platform dependent!
2018-05-25 13:46:03,937 [Worker-141] INFO  o.e.m.c.i.embedder.EclipseLogger - Copying 2 resources
2018-05-25 13:46:03,939 [Worker-141] WARN  o.e.m.c.i.embedder.EclipseLogger - Using platform encoding (Cp1252 actually) to copy filtered resources, i.e. build is platform dependent!
2018-05-25 13:46:03,940 [Worker-141] INFO  o.e.m.c.i.embedder.EclipseLogger - Copying 0 resource
2018-05-25 13:51:53,505 [Worker-143] WARN  o.e.m.c.i.embedder.EclipseLogger - Using platform encoding (Cp1252 actually) to copy filtered resources, i.e. build is platform dependent!
2018-05-25 13:51:53,507 [Worker-143] INFO  o.e.m.c.i.embedder.EclipseLogger - Copying 2 resources
2018-05-25 13:51:53,509 [Worker-143] WARN  o.e.m.c.i.embedder.EclipseLogger - Using platform encoding (Cp1252 actually) to copy filtered resources, i.e. build is platform dependent!
2018-05-25 13:51:53,511 [Worker-143] INFO  o.e.m.c.i.embedder.EclipseLogger - Copying 0 resource
2018-05-25 13:55:56,166 [Worker-144] WARN  o.e.m.c.i.embedder.EclipseLogger - Using platform encoding (Cp1252 actually) to copy filtered resources, i.e. build is platform dependent!
2018-05-25 13:55:56,167 [Worker-144] INFO  o.e.m.c.i.embedder.EclipseLogger - Copying 2 resources
2018-05-25 13:55:56,169 [Worker-144] WARN  o.e.m.c.i.embedder.EclipseLogger - Using platform encoding (Cp1252 actually) to copy filtered resources, i.e. build is platform dependent!
2018-05-25 13:55:56,170 [Worker-144] INFO  o.e.m.c.i.embedder.EclipseLogger - Copying 0 resource
2018-05-25 13:56:50,483 [Worker-144] WARN  o.e.m.c.i.embedder.EclipseLogger - Using platform encoding (Cp1252 actually) to copy filtered resources, i.e. build is platform dependent!
2018-05-25 13:56:50,485 [Worker-144] INFO  o.e.m.c.i.embedder.EclipseLogger - Copying 2 resources
2018-05-25 13:56:50,493 [Worker-144] WARN  o.e.m.c.i.embedder.EclipseLogger - Using platform encoding (Cp1252 actually) to copy filtered resources, i.e. build is platform dependent!
2018-05-25 13:56:50,494 [Worker-144] INFO  o.e.m.c.i.embedder.EclipseLogger - Copying 0 resource
2018-05-25 14:00:31,481 [Worker-141] WARN  o.e.m.c.i.embedder.EclipseLogger - Using platform encoding (Cp1252 actually) to copy filtered resources, i.e. build is platform dependent!
2018-05-25 14:00:31,482 [Worker-141] INFO  o.e.m.c.i.embedder.EclipseLogger - Copying 2 resources
2018-05-25 14:00:31,484 [Worker-141] WARN  o.e.m.c.i.embedder.EclipseLogger - Using platform encoding (Cp1252 actually) to copy filtered resources, i.e. build is platform dependent!
2018-05-25 14:00:31,485 [Worker-141] INFO  o.e.m.c.i.embedder.EclipseLogger - Copying 0 resource
2018-05-25 14:03:28,490 [Worker-150] WARN  o.e.m.c.i.embedder.EclipseLogger - Using platform encoding (Cp1252 actually) to copy filtered resources, i.e. build is platform dependent!
2018-05-25 14:03:28,491 [Worker-150] INFO  o.e.m.c.i.embedder.EclipseLogger - Copying 2 resources
2018-05-25 14:03:28,493 [Worker-150] WARN  o.e.m.c.i.embedder.EclipseLogger - Using platform encoding (Cp1252 actually) to copy filtered resources, i.e. build is platform dependent!
2018-05-25 14:03:28,494 [Worker-150] INFO  o.e.m.c.i.embedder.EclipseLogger - Copying 0 resource
2018-05-25 14:04:38,796 [Worker-141] WARN  o.e.m.c.i.embedder.EclipseLogger - Using platform encoding (Cp1252 actually) to copy filtered resources, i.e. build is platform dependent!
2018-05-25 14:04:38,797 [Worker-141] INFO  o.e.m.c.i.embedder.EclipseLogger - Copying 2 resources
2018-05-25 14:04:38,800 [Worker-141] WARN  o.e.m.c.i.embedder.EclipseLogger - Using platform encoding (Cp1252 actually) to copy filtered resources, i.e. build is platform dependent!
2018-05-25 14:04:38,801 [Worker-141] INFO  o.e.m.c.i.embedder.EclipseLogger - Copying 0 resource
2018-05-25 14:06:52,604 [Worker-152] WARN  o.e.m.c.i.embedder.EclipseLogger - Using platform encoding (Cp1252 actually) to copy filtered resources, i.e. build is platform dependent!
2018-05-25 14:06:52,605 [Worker-152] INFO  o.e.m.c.i.embedder.EclipseLogger - Copying 2 resources
2018-05-25 14:06:52,607 [Worker-152] WARN  o.e.m.c.i.embedder.EclipseLogger - Using platform encoding (Cp1252 actually) to copy filtered resources, i.e. build is platform dependent!
2018-05-25 14:06:52,608 [Worker-152] INFO  o.e.m.c.i.embedder.EclipseLogger - Copying 0 resource
2018-05-25 14:08:27,295 [Worker-141] WARN  o.e.m.c.i.embedder.EclipseLogger - Using platform encoding (Cp1252 actually) to copy filtered resources, i.e. build is platform dependent!
2018-05-25 14:08:27,296 [Worker-141] INFO  o.e.m.c.i.embedder.EclipseLogger - Copying 2 resources
2018-05-25 14:08:27,298 [Worker-141] WARN  o.e.m.c.i.embedder.EclipseLogger - Using platform encoding (Cp1252 actually) to copy filtered resources, i.e. build is platform dependent!
2018-05-25 14:08:27,299 [Worker-141] INFO  o.e.m.c.i.embedder.EclipseLogger - Copying 0 resource
2018-05-25 14:11:38,400 [Worker-152] WARN  o.e.m.c.i.embedder.EclipseLogger - Using platform encoding (Cp1252 actually) to copy filtered resources, i.e. build is platform dependent!
2018-05-25 14:11:38,402 [Worker-152] INFO  o.e.m.c.i.embedder.EclipseLogger - Copying 2 resources
2018-05-25 14:11:38,403 [Worker-152] WARN  o.e.m.c.i.embedder.EclipseLogger - Using platform encoding (Cp1252 actually) to copy filtered resources, i.e. build is platform dependent!
2018-05-25 14:11:38,404 [Worker-152] INFO  o.e.m.c.i.embedder.EclipseLogger - Copying 0 resource
2018-05-25 14:15:08,090 [Worker-143] WARN  o.e.m.c.i.embedder.EclipseLogger - Using platform encoding (Cp1252 actually) to copy filtered resources, i.e. build is platform dependent!
2018-05-25 14:15:08,091 [Worker-143] INFO  o.e.m.c.i.embedder.EclipseLogger - Copying 2 resources
2018-05-25 14:15:08,093 [Worker-143] WARN  o.e.m.c.i.embedder.EclipseLogger - Using platform encoding (Cp1252 actually) to copy filtered resources, i.e. build is platform dependent!
2018-05-25 14:15:08,094 [Worker-143] INFO  o.e.m.c.i.embedder.EclipseLogger - Copying 0 resource
2018-05-25 14:15:51,145 [Worker-152] WARN  o.e.m.c.i.embedder.EclipseLogger - Using platform encoding (Cp1252 actually) to copy filtered resources, i.e. build is platform dependent!
2018-05-25 14:15:51,147 [Worker-152] INFO  o.e.m.c.i.embedder.EclipseLogger - Copying 2 resources
2018-05-25 14:15:51,148 [Worker-152] WARN  o.e.m.c.i.embedder.EclipseLogger - Using platform encoding (Cp1252 actually) to copy filtered resources, i.e. build is platform dependent!
2018-05-25 14:15:51,149 [Worker-152] INFO  o.e.m.c.i.embedder.EclipseLogger - Copying 0 resource
2018-05-25 14:17:20,151 [Worker-153] WARN  o.e.m.c.i.embedder.EclipseLogger - Using platform encoding (Cp1252 actually) to copy filtered resources, i.e. build is platform dependent!
2018-05-25 14:17:20,153 [Worker-153] INFO  o.e.m.c.i.embedder.EclipseLogger - Copying 2 resources
2018-05-25 14:17:20,154 [Worker-153] WARN  o.e.m.c.i.embedder.EclipseLogger - Using platform encoding (Cp1252 actually) to copy filtered resources, i.e. build is platform dependent!
2018-05-25 14:17:20,155 [Worker-153] INFO  o.e.m.c.i.embedder.EclipseLogger - Copying 0 resource
2018-05-25 14:18:03,776 [Worker-150] WARN  o.e.m.c.i.embedder.EclipseLogger - Using platform encoding (Cp1252 actually) to copy filtered resources, i.e. build is platform dependent!
2018-05-25 14:18:03,778 [Worker-150] INFO  o.e.m.c.i.embedder.EclipseLogger - Copying 2 resources
2018-05-25 14:18:03,779 [Worker-150] WARN  o.e.m.c.i.embedder.EclipseLogger - Using platform encoding (Cp1252 actually) to copy filtered resources, i.e. build is platform dependent!
2018-05-25 14:18:03,781 [Worker-150] INFO  o.e.m.c.i.embedder.EclipseLogger - Copying 0 resource
2018-05-25 14:22:35,489 [Worker-149] WARN  o.e.m.c.i.embedder.EclipseLogger - Using platform encoding (Cp1252 actually) to copy filtered resources, i.e. build is platform dependent!
2018-05-25 14:22:35,491 [Worker-149] INFO  o.e.m.c.i.embedder.EclipseLogger - Copying 2 resources
2018-05-25 14:22:35,494 [Worker-149] WARN  o.e.m.c.i.embedder.EclipseLogger - Using platform encoding (Cp1252 actually) to copy filtered resources, i.e. build is platform dependent!
2018-05-25 14:22:35,495 [Worker-149] INFO  o.e.m.c.i.embedder.EclipseLogger - Copying 0 resource
2018-05-25 14:23:34,242 [Worker-148] WARN  o.e.m.c.i.embedder.EclipseLogger - Using platform encoding (Cp1252 actually) to copy filtered resources, i.e. build is platform dependent!
2018-05-25 14:23:34,244 [Worker-148] INFO  o.e.m.c.i.embedder.EclipseLogger - Copying 2 resources
2018-05-25 14:23:34,245 [Worker-148] WARN  o.e.m.c.i.embedder.EclipseLogger - Using platform encoding (Cp1252 actually) to copy filtered resources, i.e. build is platform dependent!
2018-05-25 14:23:34,247 [Worker-148] INFO  o.e.m.c.i.embedder.EclipseLogger - Copying 0 resource
2018-05-25 14:29:56,491 [Worker-154] WARN  o.e.m.c.i.embedder.EclipseLogger - Using platform encoding (Cp1252 actually) to copy filtered resources, i.e. build is platform dependent!
2018-05-25 14:29:56,493 [Worker-154] INFO  o.e.m.c.i.embedder.EclipseLogger - Copying 2 resources
2018-05-25 14:29:56,494 [Worker-154] WARN  o.e.m.c.i.embedder.EclipseLogger - Using platform encoding (Cp1252 actually) to copy filtered resources, i.e. build is platform dependent!
2018-05-25 14:29:56,495 [Worker-154] INFO  o.e.m.c.i.embedder.EclipseLogger - Copying 0 resource
2018-05-25 14:30:09,784 [Worker-151] WARN  o.e.m.c.i.embedder.EclipseLogger - Using platform encoding (Cp1252 actually) to copy filtered resources, i.e. build is platform dependent!
2018-05-25 14:30:09,786 [Worker-151] INFO  o.e.m.c.i.embedder.EclipseLogger - Copying 2 resources
2018-05-25 14:30:09,787 [Worker-151] WARN  o.e.m.c.i.embedder.EclipseLogger - Using platform encoding (Cp1252 actually) to copy filtered resources, i.e. build is platform dependent!
2018-05-25 14:30:09,788 [Worker-151] INFO  o.e.m.c.i.embedder.EclipseLogger - Copying 0 resource
2018-05-25 14:31:24,024 [Worker-143] WARN  o.e.m.c.i.embedder.EclipseLogger - Using platform encoding (Cp1252 actually) to copy filtered resources, i.e. build is platform dependent!
2018-05-25 14:31:24,025 [Worker-143] INFO  o.e.m.c.i.embedder.EclipseLogger - Copying 2 resources
2018-05-25 14:31:24,027 [Worker-143] WARN  o.e.m.c.i.embedder.EclipseLogger - Using platform encoding (Cp1252 actually) to copy filtered resources, i.e. build is platform dependent!
2018-05-25 14:31:24,028 [Worker-143] INFO  o.e.m.c.i.embedder.EclipseLogger - Copying 0 resource
2018-05-25 14:35:35,254 [Worker-151] WARN  o.e.m.c.i.embedder.EclipseLogger - Using platform encoding (Cp1252 actually) to copy filtered resources, i.e. build is platform dependent!
2018-05-25 14:35:35,256 [Worker-151] INFO  o.e.m.c.i.embedder.EclipseLogger - Copying 2 resources
2018-05-25 14:35:35,258 [Worker-151] WARN  o.e.m.c.i.embedder.EclipseLogger - Using platform encoding (Cp1252 actually) to copy filtered resources, i.e. build is platform dependent!
2018-05-25 14:35:35,261 [Worker-151] INFO  o.e.m.c.i.embedder.EclipseLogger - Copying 0 resource
2018-05-25 14:36:31,777 [Worker-151] WARN  o.e.m.c.i.embedder.EclipseLogger - Using platform encoding (Cp1252 actually) to copy filtered resources, i.e. build is platform dependent!
2018-05-25 14:36:31,778 [Worker-151] INFO  o.e.m.c.i.embedder.EclipseLogger - Copying 2 resources
2018-05-25 14:36:31,779 [Worker-151] WARN  o.e.m.c.i.embedder.EclipseLogger - Using platform encoding (Cp1252 actually) to copy filtered resources, i.e. build is platform dependent!
2018-05-25 14:36:31,780 [Worker-151] INFO  o.e.m.c.i.embedder.EclipseLogger - Copying 0 resource
2018-05-25 14:36:51,239 [Worker-158] WARN  o.e.m.c.i.embedder.EclipseLogger - Using platform encoding (Cp1252 actually) to copy filtered resources, i.e. build is platform dependent!
2018-05-25 14:36:51,240 [Worker-158] INFO  o.e.m.c.i.embedder.EclipseLogger - Copying 2 resources
2018-05-25 14:36:51,242 [Worker-158] WARN  o.e.m.c.i.embedder.EclipseLogger - Using platform encoding (Cp1252 actually) to copy filtered resources, i.e. build is platform dependent!
2018-05-25 14:36:51,243 [Worker-158] INFO  o.e.m.c.i.embedder.EclipseLogger - Copying 0 resource
2018-05-25 14:39:16,764 [Worker-155] WARN  o.e.m.c.i.embedder.EclipseLogger - Using platform encoding (Cp1252 actually) to copy filtered resources, i.e. build is platform dependent!
2018-05-25 14:39:16,765 [Worker-155] INFO  o.e.m.c.i.embedder.EclipseLogger - Copying 2 resources
2018-05-25 14:39:16,766 [Worker-155] WARN  o.e.m.c.i.embedder.EclipseLogger - Using platform encoding (Cp1252 actually) to copy filtered resources, i.e. build is platform dependent!
2018-05-25 14:39:16,767 [Worker-155] INFO  o.e.m.c.i.embedder.EclipseLogger - Copying 0 resource
2018-05-25 14:39:26,656 [Worker-143] WARN  o.e.m.c.i.embedder.EclipseLogger - Using platform encoding (Cp1252 actually) to copy filtered resources, i.e. build is platform dependent!
2018-05-25 14:39:26,658 [Worker-143] INFO  o.e.m.c.i.embedder.EclipseLogger - Copying 2 resources
2018-05-25 14:39:26,659 [Worker-143] WARN  o.e.m.c.i.embedder.EclipseLogger - Using platform encoding (Cp1252 actually) to copy filtered resources, i.e. build is platform dependent!
2018-05-25 14:39:26,661 [Worker-143] INFO  o.e.m.c.i.embedder.EclipseLogger - Copying 0 resource
2018-05-25 14:40:27,526 [Worker-151] WARN  o.e.m.c.i.embedder.EclipseLogger - Using platform encoding (Cp1252 actually) to copy filtered resources, i.e. build is platform dependent!
2018-05-25 14:40:27,527 [Worker-151] INFO  o.e.m.c.i.embedder.EclipseLogger - Copying 2 resources
2018-05-25 14:40:27,529 [Worker-151] WARN  o.e.m.c.i.embedder.EclipseLogger - Using platform encoding (Cp1252 actually) to copy filtered resources, i.e. build is platform dependent!
2018-05-25 14:40:27,531 [Worker-151] INFO  o.e.m.c.i.embedder.EclipseLogger - Copying 0 resource
2018-05-25 14:41:02,501 [Worker-155] WARN  o.e.m.c.i.embedder.EclipseLogger - Using platform encoding (Cp1252 actually) to copy filtered resources, i.e. build is platform dependent!
2018-05-25 14:41:02,503 [Worker-155] INFO  o.e.m.c.i.embedder.EclipseLogger - Copying 2 resources
2018-05-25 14:41:02,504 [Worker-155] WARN  o.e.m.c.i.embedder.EclipseLogger - Using platform encoding (Cp1252 actually) to copy filtered resources, i.e. build is platform dependent!
2018-05-25 14:41:02,505 [Worker-155] INFO  o.e.m.c.i.embedder.EclipseLogger - Copying 0 resource
2018-05-25 14:53:48,990 [Worker-151] WARN  o.e.m.c.i.embedder.EclipseLogger - Using platform encoding (Cp1252 actually) to copy filtered resources, i.e. build is platform dependent!
2018-05-25 14:53:48,991 [Worker-151] INFO  o.e.m.c.i.embedder.EclipseLogger - Copying 2 resources
2018-05-25 14:53:48,993 [Worker-151] WARN  o.e.m.c.i.embedder.EclipseLogger - Using platform encoding (Cp1252 actually) to copy filtered resources, i.e. build is platform dependent!
2018-05-25 14:53:48,994 [Worker-151] INFO  o.e.m.c.i.embedder.EclipseLogger - Copying 0 resource
2018-05-25 14:55:12,479 [Worker-155] WARN  o.e.m.c.i.embedder.EclipseLogger - Using platform encoding (Cp1252 actually) to copy filtered resources, i.e. build is platform dependent!
2018-05-25 14:55:12,480 [Worker-155] INFO  o.e.m.c.i.embedder.EclipseLogger - Copying 2 resources
2018-05-25 14:55:12,482 [Worker-155] WARN  o.e.m.c.i.embedder.EclipseLogger - Using platform encoding (Cp1252 actually) to copy filtered resources, i.e. build is platform dependent!
2018-05-25 14:55:12,484 [Worker-155] INFO  o.e.m.c.i.embedder.EclipseLogger - Copying 0 resource
2018-05-25 15:04:31,051 [Worker-155] WARN  o.e.m.c.i.embedder.EclipseLogger - Using platform encoding (Cp1252 actually) to copy filtered resources, i.e. build is platform dependent!
2018-05-25 15:04:31,052 [Worker-155] INFO  o.e.m.c.i.embedder.EclipseLogger - Copying 2 resources
2018-05-25 15:04:31,054 [Worker-155] WARN  o.e.m.c.i.embedder.EclipseLogger - Using platform encoding (Cp1252 actually) to copy filtered resources, i.e. build is platform dependent!
2018-05-25 15:04:31,055 [Worker-155] INFO  o.e.m.c.i.embedder.EclipseLogger - Copying 0 resource
2018-05-25 15:07:15,698 [Worker-155] WARN  o.e.m.c.i.embedder.EclipseLogger - Using platform encoding (Cp1252 actually) to copy filtered resources, i.e. build is platform dependent!
2018-05-25 15:07:15,700 [Worker-155] INFO  o.e.m.c.i.embedder.EclipseLogger - Copying 2 resources
2018-05-25 15:07:15,701 [Worker-155] WARN  o.e.m.c.i.embedder.EclipseLogger - Using platform encoding (Cp1252 actually) to copy filtered resources, i.e. build is platform dependent!
2018-05-25 15:07:15,704 [Worker-155] INFO  o.e.m.c.i.embedder.EclipseLogger - Copying 0 resource
2018-05-25 15:09:14,644 [Worker-160] WARN  o.e.m.c.i.embedder.EclipseLogger - Using platform encoding (Cp1252 actually) to copy filtered resources, i.e. build is platform dependent!
2018-05-25 15:09:14,645 [Worker-160] INFO  o.e.m.c.i.embedder.EclipseLogger - Copying 2 resources
2018-05-25 15:09:14,647 [Worker-160] WARN  o.e.m.c.i.embedder.EclipseLogger - Using platform encoding (Cp1252 actually) to copy filtered resources, i.e. build is platform dependent!
2018-05-25 15:09:14,649 [Worker-160] INFO  o.e.m.c.i.embedder.EclipseLogger - Copying 0 resource
2018-05-25 15:12:31,109 [Worker-156] WARN  o.e.m.c.i.embedder.EclipseLogger - Using platform encoding (Cp1252 actually) to copy filtered resources, i.e. build is platform dependent!
2018-05-25 15:12:31,111 [Worker-156] INFO  o.e.m.c.i.embedder.EclipseLogger - Copying 2 resources
2018-05-25 15:12:31,113 [Worker-156] WARN  o.e.m.c.i.embedder.EclipseLogger - Using platform encoding (Cp1252 actually) to copy filtered resources, i.e. build is platform dependent!
2018-05-25 15:12:31,114 [Worker-156] INFO  o.e.m.c.i.embedder.EclipseLogger - Copying 0 resource
2018-05-25 15:14:11,855 [Worker-166] WARN  o.e.m.c.i.embedder.EclipseLogger - Using platform encoding (Cp1252 actually) to copy filtered resources, i.e. build is platform dependent!
2018-05-25 15:14:11,856 [Worker-166] INFO  o.e.m.c.i.embedder.EclipseLogger - Copying 2 resources
2018-05-25 15:14:11,858 [Worker-166] WARN  o.e.m.c.i.embedder.EclipseLogger - Using platform encoding (Cp1252 actually) to copy filtered resources, i.e. build is platform dependent!
2018-05-25 15:14:11,859 [Worker-166] INFO  o.e.m.c.i.embedder.EclipseLogger - Copying 0 resource
2018-05-25 15:17:18,965 [Worker-168] WARN  o.e.m.c.i.embedder.EclipseLogger - Using platform encoding (Cp1252 actually) to copy filtered resources, i.e. build is platform dependent!
2018-05-25 15:17:18,967 [Worker-168] INFO  o.e.m.c.i.embedder.EclipseLogger - Copying 2 resources
2018-05-25 15:17:18,968 [Worker-168] WARN  o.e.m.c.i.embedder.EclipseLogger - Using platform encoding (Cp1252 actually) to copy filtered resources, i.e. build is platform dependent!
2018-05-25 15:17:18,969 [Worker-168] INFO  o.e.m.c.i.embedder.EclipseLogger - Copying 0 resource
2018-05-25 15:18:16,400 [Worker-166] WARN  o.e.m.c.i.embedder.EclipseLogger - Using platform encoding (Cp1252 actually) to copy filtered resources, i.e. build is platform dependent!
2018-05-25 15:18:16,401 [Worker-166] INFO  o.e.m.c.i.embedder.EclipseLogger - Copying 2 resources
2018-05-25 15:18:16,403 [Worker-166] WARN  o.e.m.c.i.embedder.EclipseLogger - Using platform encoding (Cp1252 actually) to copy filtered resources, i.e. build is platform dependent!
2018-05-25 15:18:16,404 [Worker-166] INFO  o.e.m.c.i.embedder.EclipseLogger - Copying 0 resource
2018-05-25 15:20:02,128 [Worker-164] WARN  o.e.m.c.i.embedder.EclipseLogger - Using platform encoding (Cp1252 actually) to copy filtered resources, i.e. build is platform dependent!
2018-05-25 15:20:02,129 [Worker-164] INFO  o.e.m.c.i.embedder.EclipseLogger - Copying 2 resources
2018-05-25 15:20:02,131 [Worker-164] WARN  o.e.m.c.i.embedder.EclipseLogger - Using platform encoding (Cp1252 actually) to copy filtered resources, i.e. build is platform dependent!
2018-05-25 15:20:02,132 [Worker-164] INFO  o.e.m.c.i.embedder.EclipseLogger - Copying 0 resource
2018-05-25 15:20:19,031 [Worker-168] WARN  o.e.m.c.i.embedder.EclipseLogger - Using platform encoding (Cp1252 actually) to copy filtered resources, i.e. build is platform dependent!
2018-05-25 15:20:19,033 [Worker-168] INFO  o.e.m.c.i.embedder.EclipseLogger - Copying 2 resources
2018-05-25 15:20:19,035 [Worker-168] WARN  o.e.m.c.i.embedder.EclipseLogger - Using platform encoding (Cp1252 actually) to copy filtered resources, i.e. build is platform dependent!
2018-05-25 15:20:19,036 [Worker-168] INFO  o.e.m.c.i.embedder.EclipseLogger - Copying 0 resource
2018-05-25 15:22:21,298 [Worker-164] WARN  o.e.m.c.i.embedder.EclipseLogger - Using platform encoding (Cp1252 actually) to copy filtered resources, i.e. build is platform dependent!
2018-05-25 15:22:21,300 [Worker-164] INFO  o.e.m.c.i.embedder.EclipseLogger - Copying 2 resources
2018-05-25 15:22:21,301 [Worker-164] WARN  o.e.m.c.i.embedder.EclipseLogger - Using platform encoding (Cp1252 actually) to copy filtered resources, i.e. build is platform dependent!
2018-05-25 15:22:21,302 [Worker-164] INFO  o.e.m.c.i.embedder.EclipseLogger - Copying 0 resource
2018-05-25 15:22:33,181 [Worker-171] WARN  o.e.m.c.i.embedder.EclipseLogger - Using platform encoding (Cp1252 actually) to copy filtered resources, i.e. build is platform dependent!
2018-05-25 15:22:33,182 [Worker-171] INFO  o.e.m.c.i.embedder.EclipseLogger - Copying 2 resources
2018-05-25 15:22:33,184 [Worker-171] WARN  o.e.m.c.i.embedder.EclipseLogger - Using platform encoding (Cp1252 actually) to copy filtered resources, i.e. build is platform dependent!
2018-05-25 15:22:33,185 [Worker-171] INFO  o.e.m.c.i.embedder.EclipseLogger - Copying 0 resource
2018-05-25 15:26:42,002 [Worker-171] WARN  o.e.m.c.i.embedder.EclipseLogger - Using platform encoding (Cp1252 actually) to copy filtered resources, i.e. build is platform dependent!
2018-05-25 15:26:42,003 [Worker-171] INFO  o.e.m.c.i.embedder.EclipseLogger - Copying 2 resources
2018-05-25 15:26:42,005 [Worker-171] WARN  o.e.m.c.i.embedder.EclipseLogger - Using platform encoding (Cp1252 actually) to copy filtered resources, i.e. build is platform dependent!
2018-05-25 15:26:42,006 [Worker-171] INFO  o.e.m.c.i.embedder.EclipseLogger - Copying 0 resource
2018-05-25 15:32:02,873 [Worker-173] WARN  o.e.m.c.i.embedder.EclipseLogger - Using platform encoding (Cp1252 actually) to copy filtered resources, i.e. build is platform dependent!
2018-05-25 15:32:02,874 [Worker-173] INFO  o.e.m.c.i.embedder.EclipseLogger - Copying 2 resources
2018-05-25 15:32:02,876 [Worker-173] WARN  o.e.m.c.i.embedder.EclipseLogger - Using platform encoding (Cp1252 actually) to copy filtered resources, i.e. build is platform dependent!
2018-05-25 15:32:02,877 [Worker-173] INFO  o.e.m.c.i.embedder.EclipseLogger - Copying 0 resource
2018-05-25 15:36:30,372 [Worker-174] WARN  o.e.m.c.i.embedder.EclipseLogger - Using platform encoding (Cp1252 actually) to copy filtered resources, i.e. build is platform dependent!
2018-05-25 15:36:30,374 [Worker-174] INFO  o.e.m.c.i.embedder.EclipseLogger - Copying 2 resources
2018-05-25 15:36:30,375 [Worker-174] WARN  o.e.m.c.i.embedder.EclipseLogger - Using platform encoding (Cp1252 actually) to copy filtered resources, i.e. build is platform dependent!
2018-05-25 15:36:30,376 [Worker-174] INFO  o.e.m.c.i.embedder.EclipseLogger - Copying 0 resource
2018-05-25 15:37:28,988 [Worker-176] WARN  o.e.m.c.i.embedder.EclipseLogger - Using platform encoding (Cp1252 actually) to copy filtered resources, i.e. build is platform dependent!
2018-05-25 15:37:28,989 [Worker-176] INFO  o.e.m.c.i.embedder.EclipseLogger - Copying 2 resources
2018-05-25 15:37:28,990 [Worker-176] WARN  o.e.m.c.i.embedder.EclipseLogger - Using platform encoding (Cp1252 actually) to copy filtered resources, i.e. build is platform dependent!
2018-05-25 15:37:28,991 [Worker-176] INFO  o.e.m.c.i.embedder.EclipseLogger - Copying 0 resource
2018-05-25 15:40:14,879 [Worker-171] WARN  o.e.m.c.i.embedder.EclipseLogger - Using platform encoding (Cp1252 actually) to copy filtered resources, i.e. build is platform dependent!
2018-05-25 15:40:14,880 [Worker-171] INFO  o.e.m.c.i.embedder.EclipseLogger - Copying 2 resources
2018-05-25 15:40:14,882 [Worker-171] WARN  o.e.m.c.i.embedder.EclipseLogger - Using platform encoding (Cp1252 actually) to copy filtered resources, i.e. build is platform dependent!
2018-05-25 15:40:14,883 [Worker-171] INFO  o.e.m.c.i.embedder.EclipseLogger - Copying 0 resource
2018-05-25 15:41:09,687 [Worker-176] WARN  o.e.m.c.i.embedder.EclipseLogger - Using platform encoding (Cp1252 actually) to copy filtered resources, i.e. build is platform dependent!
2018-05-25 15:41:09,689 [Worker-176] INFO  o.e.m.c.i.embedder.EclipseLogger - Copying 2 resources
2018-05-25 15:41:09,690 [Worker-176] WARN  o.e.m.c.i.embedder.EclipseLogger - Using platform encoding (Cp1252 actually) to copy filtered resources, i.e. build is platform dependent!
2018-05-25 15:41:09,691 [Worker-176] INFO  o.e.m.c.i.embedder.EclipseLogger - Copying 0 resource
2018-05-25 15:42:26,831 [Worker-176] ERROR o.e.m.c.i.URLConnectionCaches - Unexpected URLConnection defaultUseCaches enabled
2018-05-25 15:42:27,267 [Worker-176] WARN  o.e.m.c.i.embedder.EclipseLogger - Using platform encoding (Cp1252 actually) to copy filtered resources, i.e. build is platform dependent!
2018-05-25 15:42:27,268 [Worker-176] INFO  o.e.m.c.i.embedder.EclipseLogger - Copying 2 resources
2018-05-25 15:42:27,270 [Worker-176] WARN  o.e.m.c.i.embedder.EclipseLogger - Using platform encoding (Cp1252 actually) to copy filtered resources, i.e. build is platform dependent!
2018-05-25 15:42:27,271 [Worker-176] INFO  o.e.m.c.i.embedder.EclipseLogger - Copying 0 resource
2018-05-25 15:44:25,545 [Worker-174] ERROR o.e.m.c.i.URLConnectionCaches - Unexpected URLConnection defaultUseCaches enabled
2018-05-25 15:44:25,553 [Worker-174] WARN  o.e.m.c.i.embedder.EclipseLogger - Using platform encoding (Cp1252 actually) to copy filtered resources, i.e. build is platform dependent!
2018-05-25 15:44:25,555 [Worker-174] INFO  o.e.m.c.i.embedder.EclipseLogger - Copying 2 resources
2018-05-25 15:44:25,557 [Worker-174] WARN  o.e.m.c.i.embedder.EclipseLogger - Using platform encoding (Cp1252 actually) to copy filtered resources, i.e. build is platform dependent!
2018-05-25 15:44:25,558 [Worker-174] INFO  o.e.m.c.i.embedder.EclipseLogger - Copying 0 resource
2018-05-25 15:47:42,943 [Worker-173] ERROR o.e.m.c.i.URLConnectionCaches - Unexpected URLConnection defaultUseCaches enabled
2018-05-25 15:47:42,950 [Worker-173] WARN  o.e.m.c.i.embedder.EclipseLogger - Using platform encoding (Cp1252 actually) to copy filtered resources, i.e. build is platform dependent!
2018-05-25 15:47:42,952 [Worker-173] INFO  o.e.m.c.i.embedder.EclipseLogger - Copying 2 resources
2018-05-25 15:47:42,954 [Worker-173] WARN  o.e.m.c.i.embedder.EclipseLogger - Using platform encoding (Cp1252 actually) to copy filtered resources, i.e. build is platform dependent!
2018-05-25 15:47:42,955 [Worker-173] INFO  o.e.m.c.i.embedder.EclipseLogger - Copying 0 resource
2018-05-25 15:47:46,811 [Worker-173] ERROR o.e.m.c.i.URLConnectionCaches - Unexpected URLConnection defaultUseCaches enabled
2018-05-25 15:47:46,816 [Worker-173] WARN  o.e.m.c.i.embedder.EclipseLogger - Using platform encoding (Cp1252 actually) to copy filtered resources, i.e. build is platform dependent!
2018-05-25 15:47:46,818 [Worker-173] INFO  o.e.m.c.i.embedder.EclipseLogger - Copying 2 resources
2018-05-25 15:47:46,820 [Worker-173] WARN  o.e.m.c.i.embedder.EclipseLogger - Using platform encoding (Cp1252 actually) to copy filtered resources, i.e. build is platform dependent!
2018-05-25 15:47:46,821 [Worker-173] INFO  o.e.m.c.i.embedder.EclipseLogger - Copying 0 resource
2018-05-25 15:48:26,651 [Worker-178] ERROR o.e.m.c.i.URLConnectionCaches - Unexpected URLConnection defaultUseCaches enabled
2018-05-25 15:48:26,656 [Worker-178] WARN  o.e.m.c.i.embedder.EclipseLogger - Using platform encoding (Cp1252 actually) to copy filtered resources, i.e. build is platform dependent!
2018-05-25 15:48:26,657 [Worker-178] INFO  o.e.m.c.i.embedder.EclipseLogger - Copying 2 resources
2018-05-25 15:48:26,658 [Worker-178] WARN  o.e.m.c.i.embedder.EclipseLogger - Using platform encoding (Cp1252 actually) to copy filtered resources, i.e. build is platform dependent!
2018-05-25 15:48:26,659 [Worker-178] INFO  o.e.m.c.i.embedder.EclipseLogger - Copying 0 resource
2018-05-25 15:49:26,573 [Worker-179] ERROR o.e.m.c.i.URLConnectionCaches - Unexpected URLConnection defaultUseCaches enabled
2018-05-25 15:49:26,578 [Worker-179] WARN  o.e.m.c.i.embedder.EclipseLogger - Using platform encoding (Cp1252 actually) to copy filtered resources, i.e. build is platform dependent!
2018-05-25 15:49:26,579 [Worker-179] INFO  o.e.m.c.i.embedder.EclipseLogger - Copying 2 resources
2018-05-25 15:49:26,581 [Worker-179] WARN  o.e.m.c.i.embedder.EclipseLogger - Using platform encoding (Cp1252 actually) to copy filtered resources, i.e. build is platform dependent!
2018-05-25 15:49:26,581 [Worker-179] INFO  o.e.m.c.i.embedder.EclipseLogger - Copying 0 resource
2018-05-25 15:52:06,605 [Worker-173] ERROR o.e.m.c.i.URLConnectionCaches - Unexpected URLConnection defaultUseCaches enabled
2018-05-25 15:52:06,610 [Worker-173] WARN  o.e.m.c.i.embedder.EclipseLogger - Using platform encoding (Cp1252 actually) to copy filtered resources, i.e. build is platform dependent!
2018-05-25 15:52:06,611 [Worker-173] INFO  o.e.m.c.i.embedder.EclipseLogger - Copying 2 resources
2018-05-25 15:52:06,612 [Worker-173] WARN  o.e.m.c.i.embedder.EclipseLogger - Using platform encoding (Cp1252 actually) to copy filtered resources, i.e. build is platform dependent!
2018-05-25 15:52:06,613 [Worker-173] INFO  o.e.m.c.i.embedder.EclipseLogger - Copying 0 resource
2018-05-25 15:52:58,281 [Worker-179] ERROR o.e.m.c.i.URLConnectionCaches - Unexpected URLConnection defaultUseCaches enabled
2018-05-25 15:52:58,287 [Worker-179] WARN  o.e.m.c.i.embedder.EclipseLogger - Using platform encoding (Cp1252 actually) to copy filtered resources, i.e. build is platform dependent!
2018-05-25 15:52:58,288 [Worker-179] INFO  o.e.m.c.i.embedder.EclipseLogger - Copying 2 resources
2018-05-25 15:52:58,290 [Worker-179] WARN  o.e.m.c.i.embedder.EclipseLogger - Using platform encoding (Cp1252 actually) to copy filtered resources, i.e. build is platform dependent!
2018-05-25 15:52:58,291 [Worker-179] INFO  o.e.m.c.i.embedder.EclipseLogger - Copying 0 resource
2018-05-25 15:54:06,952 [Worker-182] ERROR o.e.m.c.i.URLConnectionCaches - Unexpected URLConnection defaultUseCaches enabled
2018-05-25 15:54:06,960 [Worker-182] WARN  o.e.m.c.i.embedder.EclipseLogger - Using platform encoding (Cp1252 actually) to copy filtered resources, i.e. build is platform dependent!
2018-05-25 15:54:06,961 [Worker-182] INFO  o.e.m.c.i.embedder.EclipseLogger - Copying 2 resources
2018-05-25 15:54:06,967 [Worker-182] WARN  o.e.m.c.i.embedder.EclipseLogger - Using platform encoding (Cp1252 actually) to copy filtered resources, i.e. build is platform dependent!
2018-05-25 15:54:06,969 [Worker-182] INFO  o.e.m.c.i.embedder.EclipseLogger - Copying 0 resource
2018-05-25 15:58:19,599 [Worker-177] ERROR o.e.m.c.i.URLConnectionCaches - Unexpected URLConnection defaultUseCaches enabled
2018-05-25 15:58:19,605 [Worker-177] WARN  o.e.m.c.i.embedder.EclipseLogger - Using platform encoding (Cp1252 actually) to copy filtered resources, i.e. build is platform dependent!
2018-05-25 15:58:19,606 [Worker-177] INFO  o.e.m.c.i.embedder.EclipseLogger - Copying 2 resources
2018-05-25 15:58:19,607 [Worker-177] WARN  o.e.m.c.i.embedder.EclipseLogger - Using platform encoding (Cp1252 actually) to copy filtered resources, i.e. build is platform dependent!
2018-05-25 15:58:19,608 [Worker-177] INFO  o.e.m.c.i.embedder.EclipseLogger - Copying 0 resource
2018-05-25 16:04:12,097 [Worker-183] ERROR o.e.m.c.i.URLConnectionCaches - Unexpected URLConnection defaultUseCaches enabled
2018-05-25 16:04:12,107 [Worker-183] WARN  o.e.m.c.i.embedder.EclipseLogger - Using platform encoding (Cp1252 actually) to copy filtered resources, i.e. build is platform dependent!
2018-05-25 16:04:12,111 [Worker-183] INFO  o.e.m.c.i.embedder.EclipseLogger - Copying 2 resources
2018-05-25 16:04:12,113 [Worker-183] WARN  o.e.m.c.i.embedder.EclipseLogger - Using platform encoding (Cp1252 actually) to copy filtered resources, i.e. build is platform dependent!
2018-05-25 16:04:12,114 [Worker-183] INFO  o.e.m.c.i.embedder.EclipseLogger - Copying 0 resource
2018-05-25 16:05:49,937 [Worker-156] ERROR o.e.m.c.i.URLConnectionCaches - Unexpected URLConnection defaultUseCaches enabled
2018-05-25 16:05:49,943 [Worker-156] WARN  o.e.m.c.i.embedder.EclipseLogger - Using platform encoding (Cp1252 actually) to copy filtered resources, i.e. build is platform dependent!
2018-05-25 16:05:49,945 [Worker-156] INFO  o.e.m.c.i.embedder.EclipseLogger - Copying 2 resources
2018-05-25 16:05:49,947 [Worker-156] WARN  o.e.m.c.i.embedder.EclipseLogger - Using platform encoding (Cp1252 actually) to copy filtered resources, i.e. build is platform dependent!
2018-05-25 16:05:49,948 [Worker-156] INFO  o.e.m.c.i.embedder.EclipseLogger - Copying 0 resource
2018-05-25 16:06:25,321 [Worker-184] ERROR o.e.m.c.i.URLConnectionCaches - Unexpected URLConnection defaultUseCaches enabled
2018-05-25 16:06:25,329 [Worker-184] WARN  o.e.m.c.i.embedder.EclipseLogger - Using platform encoding (Cp1252 actually) to copy filtered resources, i.e. build is platform dependent!
2018-05-25 16:06:25,330 [Worker-184] INFO  o.e.m.c.i.embedder.EclipseLogger - Copying 2 resources
2018-05-25 16:06:25,331 [Worker-184] WARN  o.e.m.c.i.embedder.EclipseLogger - Using platform encoding (Cp1252 actually) to copy filtered resources, i.e. build is platform dependent!
2018-05-25 16:06:25,332 [Worker-184] INFO  o.e.m.c.i.embedder.EclipseLogger - Copying 0 resource
2018-05-25 16:25:12,079 [Worker-187] ERROR o.e.m.c.i.URLConnectionCaches - Unexpected URLConnection defaultUseCaches enabled
2018-05-25 16:25:12,088 [Worker-187] WARN  o.e.m.c.i.embedder.EclipseLogger - Using platform encoding (Cp1252 actually) to copy filtered resources, i.e. build is platform dependent!
2018-05-25 16:25:12,090 [Worker-187] INFO  o.e.m.c.i.embedder.EclipseLogger - Copying 2 resources
2018-05-25 16:25:12,092 [Worker-187] WARN  o.e.m.c.i.embedder.EclipseLogger - Using platform encoding (Cp1252 actually) to copy filtered resources, i.e. build is platform dependent!
2018-05-25 16:25:12,093 [Worker-187] INFO  o.e.m.c.i.embedder.EclipseLogger - Copying 0 resource
2018-05-25 16:29:54,038 [Worker-188] ERROR o.e.m.c.i.URLConnectionCaches - Unexpected URLConnection defaultUseCaches enabled
2018-05-25 16:29:54,043 [Worker-188] WARN  o.e.m.c.i.embedder.EclipseLogger - Using platform encoding (Cp1252 actually) to copy filtered resources, i.e. build is platform dependent!
2018-05-25 16:29:54,044 [Worker-188] INFO  o.e.m.c.i.embedder.EclipseLogger - Copying 2 resources
2018-05-25 16:29:54,046 [Worker-188] WARN  o.e.m.c.i.embedder.EclipseLogger - Using platform encoding (Cp1252 actually) to copy filtered resources, i.e. build is platform dependent!
2018-05-25 16:29:54,047 [Worker-188] INFO  o.e.m.c.i.embedder.EclipseLogger - Copying 0 resource
2018-05-25 16:31:10,252 [Worker-189] ERROR o.e.m.c.i.URLConnectionCaches - Unexpected URLConnection defaultUseCaches enabled
2018-05-25 16:31:10,259 [Worker-189] WARN  o.e.m.c.i.embedder.EclipseLogger - Using platform encoding (Cp1252 actually) to copy filtered resources, i.e. build is platform dependent!
2018-05-25 16:31:10,260 [Worker-189] INFO  o.e.m.c.i.embedder.EclipseLogger - Copying 2 resources
2018-05-25 16:31:10,262 [Worker-189] WARN  o.e.m.c.i.embedder.EclipseLogger - Using platform encoding (Cp1252 actually) to copy filtered resources, i.e. build is platform dependent!
2018-05-25 16:31:10,263 [Worker-189] INFO  o.e.m.c.i.embedder.EclipseLogger - Copying 0 resource
2018-05-25 16:45:06,475 [Worker-192] ERROR o.e.m.c.i.URLConnectionCaches - Unexpected URLConnection defaultUseCaches enabled
2018-05-25 16:45:06,481 [Worker-192] WARN  o.e.m.c.i.embedder.EclipseLogger - Using platform encoding (Cp1252 actually) to copy filtered resources, i.e. build is platform dependent!
2018-05-25 16:45:06,482 [Worker-192] INFO  o.e.m.c.i.embedder.EclipseLogger - Copying 2 resources
2018-05-25 16:45:06,484 [Worker-192] WARN  o.e.m.c.i.embedder.EclipseLogger - Using platform encoding (Cp1252 actually) to copy filtered resources, i.e. build is platform dependent!
2018-05-25 16:45:06,485 [Worker-192] INFO  o.e.m.c.i.embedder.EclipseLogger - Copying 0 resource
